<?xml version="1.0" encoding="UTF-8"?>
<coverage generated="1767533745760" clover="3.2.0">
  <project timestamp="1767533745760" name="All files">
    <metrics statements="328" coveredstatements="247" conditionals="131" coveredconditionals="88" methods="62" coveredmethods="45" elements="521" coveredelements="380" complexity="0" loc="328" ncloc="328" packages="2" files="7" classes="7"/>
    <package name="src">
      <metrics statements="318" coveredstatements="242" conditionals="131" coveredconditionals="88" methods="59" coveredmethods="44"/>
      <file name="contradictions.ts" path="/home/ydia/Awful-Code-Review/src/contradictions.ts">
        <metrics statements="40" coveredstatements="39" conditionals="15" coveredconditionals="14" methods="10" coveredmethods="10"/>
        <line num="36" count="2" type="stmt"/>
        <line num="67" count="2" type="stmt"/>
        <line num="91" count="2" type="stmt"/>
        <line num="185" count="2" type="stmt"/>
        <line num="186" count="21" type="stmt"/>
        <line num="190" count="21" type="stmt"/>
        <line num="197" count="28" type="stmt"/>
        <line num="198" count="28" type="stmt"/>
        <line num="200" count="28" type="stmt"/>
        <line num="201" count="700" type="stmt"/>
        <line num="202" count="3423" type="cond" truecount="1" falsecount="0"/>
        <line num="203" count="42" type="stmt"/>
        <line num="204" count="42" type="stmt"/>
        <line num="209" count="28" type="stmt"/>
        <line num="222" count="20" type="stmt"/>
        <line num="223" count="20" type="cond" truecount="2" falsecount="0"/>
        <line num="225" count="20" type="stmt"/>
        <line num="238" count="11" type="cond" truecount="1" falsecount="0"/>
        <line num="239" count="2" type="stmt"/>
        <line num="243" count="9" type="stmt"/>
        <line num="244" count="16" type="stmt"/>
        <line num="245" count="102" type="stmt"/>
        <line num="246" count="11" type="cond" truecount="3" falsecount="0"/>
        <line num="247" count="5" type="stmt"/>
        <line num="256" count="4" type="stmt"/>
        <line num="263" count="9" type="stmt"/>
        <line num="265" count="9" type="cond" truecount="4" falsecount="0"/>
        <line num="266" count="5" type="stmt"/>
        <line num="269" count="4" type="stmt"/>
        <line num="270" count="4" type="cond" truecount="2" falsecount="1"/>
        <line num="271" count="0" type="stmt"/>
        <line num="274" count="4" type="stmt"/>
        <line num="276" count="4" type="stmt"/>
        <line num="287" count="4" type="stmt"/>
        <line num="294" count="6" type="stmt"/>
        <line num="301" count="2" type="stmt"/>
        <line num="302" count="2" type="stmt"/>
        <line num="303" count="3" type="stmt"/>
        <line num="305" count="2" type="stmt"/>
        <line num="309" count="2" type="stmt"/>
      </file>
      <file name="detector.ts" path="/home/ydia/Awful-Code-Review/src/detector.ts">
        <metrics statements="55" coveredstatements="54" conditionals="22" coveredconditionals="19" methods="11" coveredmethods="11"/>
        <line num="7" count="2" type="stmt"/>
        <line num="171" count="2" type="stmt"/>
        <line num="175" count="19" type="stmt"/>
        <line num="176" count="19" type="stmt"/>
        <line num="184" count="19" type="stmt"/>
        <line num="185" count="401" type="stmt"/>
        <line num="186" count="401" type="stmt"/>
        <line num="188" count="1" type="cond" truecount="1" falsecount="1"/>
        <line num="189" count="1" type="stmt"/>
        <line num="198" count="14" type="stmt"/>
        <line num="199" count="14" type="cond" truecount="1" falsecount="1"/>
        <line num="206" count="294" type="cond" truecount="3" falsecount="0"/>
        <line num="207" count="42" type="stmt"/>
        <line num="209" count="252" type="stmt"/>
        <line num="220" count="14" type="stmt"/>
        <line num="221" count="14" type="stmt"/>
        <line num="223" count="14" type="stmt"/>
        <line num="224" count="294" type="cond" truecount="1" falsecount="0"/>
        <line num="225" count="56" type="stmt"/>
        <line num="228" count="238" type="stmt"/>
        <line num="229" count="238" type="stmt"/>
        <line num="232" count="238" type="stmt"/>
        <line num="234" count="362" type="cond" truecount="2" falsecount="1"/>
        <line num="235" count="209" type="stmt"/>
        <line num="238" count="153" type="stmt"/>
        <line num="247" count="0" type="stmt"/>
        <line num="251" count="14" type="stmt"/>
        <line num="261" count="2" type="stmt"/>
        <line num="263" count="2" type="stmt"/>
        <line num="264" count="7" type="stmt"/>
        <line num="265" count="7" type="stmt"/>
        <line num="266" count="7" type="cond" truecount="1" falsecount="0"/>
        <line num="267" count="6" type="stmt"/>
        <line num="271" count="2" type="stmt"/>
        <line num="278" count="1" type="stmt"/>
        <line num="279" count="1" type="stmt"/>
        <line num="280" count="40" type="stmt"/>
        <line num="282" count="1" type="stmt"/>
        <line num="289" count="3" type="stmt"/>
        <line num="290" count="3" type="stmt"/>
        <line num="291" count="3" type="stmt"/>
        <line num="293" count="3" type="stmt"/>
        <line num="295" count="13" type="stmt"/>
        <line num="296" count="13" type="cond" truecount="1" falsecount="0"/>
        <line num="297" count="3" type="stmt"/>
        <line num="298" count="3" type="stmt"/>
        <line num="301" count="10" type="cond" truecount="4" falsecount="0"/>
        <line num="302" count="5" type="stmt"/>
        <line num="307" count="5" type="stmt"/>
        <line num="308" count="5" type="cond" truecount="4" falsecount="0"/>
        <line num="311" count="1" type="stmt"/>
        <line num="316" count="4" type="cond" truecount="1" falsecount="0"/>
        <line num="318" count="4" type="stmt"/>
        <line num="322" count="3" type="stmt"/>
        <line num="326" count="2" type="stmt"/>
      </file>
      <file name="generator.ts" path="/home/ydia/Awful-Code-Review/src/generator.ts">
        <metrics statements="123" coveredstatements="109" conditionals="60" coveredconditionals="43" methods="17" coveredmethods="17"/>
        <line num="10" count="1" type="stmt"/>
        <line num="11" count="1" type="stmt"/>
        <line num="12" count="1" type="stmt"/>
        <line num="13" count="1" type="stmt"/>
        <line num="18" count="1" type="stmt"/>
        <line num="42" count="1" type="stmt"/>
        <line num="56" count="1" type="stmt"/>
        <line num="77" count="1" type="stmt"/>
        <line num="108" count="1" type="stmt"/>
        <line num="120" count="29" type="stmt"/>
        <line num="121" count="29" type="stmt"/>
        <line num="122" count="29" type="stmt"/>
        <line num="123" count="29" type="stmt"/>
        <line num="131" count="10" type="stmt"/>
        <line num="134" count="20" type="stmt"/>
        <line num="136" count="10" type="cond" truecount="0" falsecount="1"/>
        <line num="138" count="0" type="stmt"/>
        <line num="144" count="10" type="stmt"/>
        <line num="156" count="10" type="cond" truecount="0" falsecount="1"/>
        <line num="157" count="0" type="stmt"/>
        <line num="161" count="10" type="cond" truecount="0" falsecount="1"/>
        <line num="162" count="0" type="stmt"/>
        <line num="163" count="0" type="stmt"/>
        <line num="172" count="10" type="stmt"/>
        <line num="173" count="10" type="stmt"/>
        <line num="175" count="10" type="cond" truecount="0" falsecount="1"/>
        <line num="176" count="0" type="stmt"/>
        <line num="180" count="10" type="stmt"/>
        <line num="183" count="10" type="stmt"/>
        <line num="184" count="10" type="cond" truecount="1" falsecount="0"/>
        <line num="185" count="9" type="stmt"/>
        <line num="186" count="9" type="stmt"/>
        <line num="187" count="9" type="stmt"/>
        <line num="192" count="10" type="cond" truecount="1" falsecount="0"/>
        <line num="193" count="1" type="cond" truecount="1" falsecount="1"/>
        <line num="194" count="1" type="stmt"/>
        <line num="195" count="0" type="cond" truecount="0" falsecount="1"/>
        <line num="196" count="0" type="stmt"/>
        <line num="200" count="10" type="cond" truecount="0" falsecount="1"/>
        <line num="201" count="0" type="stmt"/>
        <line num="205" count="10" type="cond" truecount="3" falsecount="0"/>
        <line num="206" count="8" type="stmt"/>
        <line num="209" count="8" type="stmt"/>
        <line num="213" count="10" type="stmt"/>
        <line num="216" count="10" type="cond" truecount="1" falsecount="0"/>
        <line num="217" count="2" type="cond" truecount="1" falsecount="1"/>
        <line num="218" count="2" type="stmt"/>
        <line num="225" count="10" type="stmt"/>
        <line num="234" count="10" type="stmt"/>
        <line num="236" count="10" type="stmt"/>
        <line num="243" count="8" type="cond" truecount="0" falsecount="1"/>
        <line num="244" count="0" type="stmt"/>
        <line num="247" count="8" type="cond" truecount="1" falsecount="0"/>
        <line num="248" count="7" type="stmt"/>
        <line num="251" count="1" type="stmt"/>
        <line num="252" count="1" type="cond" truecount="2" falsecount="1"/>
        <line num="253" count="1" type="stmt"/>
        <line num="256" count="0" type="stmt"/>
        <line num="263" count="3" type="stmt"/>
        <line num="265" count="3" type="stmt"/>
        <line num="269" count="3" type="stmt"/>
        <line num="273" count="21" type="cond" truecount="0" falsecount="1"/>
        <line num="274" count="0" type="stmt"/>
        <line num="276" count="15" type="cond" truecount="0" falsecount="1"/>
        <line num="277" count="0" type="stmt"/>
        <line num="279" count="3" type="stmt"/>
        <line num="286" count="8" type="stmt"/>
        <line num="287" count="8" type="stmt"/>
        <line num="290" count="8" type="stmt"/>
        <line num="291" count="14" type="cond" truecount="3" falsecount="0"/>
        <line num="292" count="13" type="stmt"/>
        <line num="300" count="8" type="stmt"/>
        <line num="301" count="8" type="cond" truecount="0" falsecount="1"/>
        <line num="302" count="0" type="stmt"/>
        <line num="312" count="8" type="stmt"/>
        <line num="313" count="8" type="stmt"/>
        <line num="315" count="8" type="stmt"/>
        <line num="316" count="10" type="stmt"/>
        <line num="317" count="10" type="cond" truecount="1" falsecount="0"/>
        <line num="318" count="10" type="stmt"/>
        <line num="323" count="8" type="cond" truecount="3" falsecount="0"/>
        <line num="324" count="7" type="stmt"/>
        <line num="325" count="7" type="cond" truecount="1" falsecount="0"/>
        <line num="326" count="3" type="stmt"/>
        <line num="328" count="3" type="stmt"/>
        <line num="338" count="8" type="stmt"/>
        <line num="348" count="6" type="cond" truecount="2" falsecount="0"/>
        <line num="350" count="3" type="cond" truecount="2" falsecount="0"/>
        <line num="351" count="3" type="cond" truecount="2" falsecount="0"/>
        <line num="352" count="1" type="cond" truecount="1" falsecount="1"/>
        <line num="354" count="2" type="stmt"/>
        <line num="359" count="6" type="stmt"/>
        <line num="360" count="6" type="stmt"/>
        <line num="363" count="6" type="cond" truecount="4" falsecount="0"/>
        <line num="364" count="1" type="stmt"/>
        <line num="367" count="6" type="stmt"/>
        <line num="374" count="54" type="stmt"/>
        <line num="375" count="54" type="stmt"/>
        <line num="379" count="54" type="cond" truecount="2" falsecount="0"/>
        <line num="380" count="51" type="stmt"/>
        <line num="381" count="3" type="cond" truecount="2" falsecount="0"/>
        <line num="382" count="1" type="stmt"/>
        <line num="383" count="2" type="cond" truecount="1" falsecount="1"/>
        <line num="384" count="0" type="cond" truecount="0" falsecount="2"/>
        <line num="386" count="2" type="cond" truecount="2" falsecount="0"/>
        <line num="390" count="54" type="cond" truecount="1" falsecount="0"/>
        <line num="391" count="50" type="stmt"/>
        <line num="392" count="50" type="stmt"/>
        <line num="395" count="54" type="stmt"/>
        <line num="402" count="2" type="stmt"/>
        <line num="403" count="2" type="stmt"/>
        <line num="405" count="2" type="stmt"/>
        <line num="406" count="4" type="stmt"/>
        <line num="407" count="4" type="stmt"/>
        <line num="410" count="4" type="cond" truecount="1" falsecount="0"/>
        <line num="411" count="1" type="stmt"/>
        <line num="416" count="2" type="stmt"/>
        <line num="418" count="2" type="stmt"/>
        <line num="419" count="2" type="stmt"/>
        <line num="422" count="6" type="stmt"/>
        <line num="424" count="2" type="stmt"/>
        <line num="436" count="1" type="stmt"/>
        <line num="440" count="1" type="stmt"/>
      </file>
      <file name="github.ts" path="/home/ydia/Awful-Code-Review/src/github.ts">
        <metrics statements="59" coveredstatements="0" conditionals="20" coveredconditionals="0" methods="15" coveredmethods="0"/>
        <line num="1" count="0" type="stmt"/>
        <line num="3" count="0" type="stmt"/>
        <line num="12" count="0" type="stmt"/>
        <line num="18" count="0" type="stmt"/>
        <line num="19" count="0" type="stmt"/>
        <line num="20" count="0" type="cond" truecount="0" falsecount="2"/>
        <line num="27" count="0" type="stmt"/>
        <line num="29" count="0" type="stmt"/>
        <line num="36" count="0" type="stmt"/>
        <line num="49" count="0" type="stmt"/>
        <line num="50" count="0" type="cond" truecount="0" falsecount="2"/>
        <line num="53" count="0" type="stmt"/>
        <line num="56" count="0" type="stmt"/>
        <line num="63" count="0" type="stmt"/>
        <line num="75" count="0" type="stmt"/>
        <line num="78" count="0" type="stmt"/>
        <line num="86" count="0" type="stmt"/>
        <line num="92" count="0" type="stmt"/>
        <line num="113" count="0" type="stmt"/>
        <line num="115" count="0" type="stmt"/>
        <line num="121" count="0" type="stmt"/>
        <line num="134" count="0" type="stmt"/>
        <line num="136" count="0" type="stmt"/>
        <line num="152" count="0" type="stmt"/>
        <line num="154" count="0" type="stmt"/>
        <line num="172" count="0" type="stmt"/>
        <line num="174" count="0" type="stmt"/>
        <line num="180" count="0" type="stmt"/>
        <line num="192" count="0" type="stmt"/>
        <line num="193" count="0" type="stmt"/>
        <line num="194" count="0" type="cond" truecount="0" falsecount="1"/>
        <line num="195" count="0" type="stmt"/>
        <line num="198" count="0" type="stmt"/>
        <line num="200" count="0" type="stmt"/>
        <line num="201" count="0" type="cond" truecount="0" falsecount="2"/>
        <line num="203" count="0" type="stmt"/>
        <line num="210" count="0" type="stmt"/>
        <line num="217" count="0" type="stmt"/>
        <line num="218" count="0" type="stmt"/>
        <line num="220" count="0" type="stmt"/>
        <line num="221" count="0" type="stmt"/>
        <line num="222" count="0" type="stmt"/>
        <line num="223" count="0" type="stmt"/>
        <line num="224" count="0" type="stmt"/>
        <line num="225" count="0" type="stmt"/>
        <line num="226" count="0" type="stmt"/>
        <line num="227" count="0" type="stmt"/>
        <line num="228" count="0" type="stmt"/>
        <line num="229" count="0" type="stmt"/>
        <line num="230" count="0" type="stmt"/>
        <line num="231" count="0" type="stmt"/>
        <line num="233" count="0" type="stmt"/>
        <line num="234" count="0" type="stmt"/>
        <line num="235" count="0" type="stmt"/>
        <line num="236" count="0" type="stmt"/>
        <line num="237" count="0" type="stmt"/>
        <line num="240" count="0" type="stmt"/>
        <line num="241" count="0" type="stmt"/>
        <line num="243" count="0" type="stmt"/>
      </file>
      <file name="mutations.ts" path="/home/ydia/Awful-Code-Review/src/mutations.ts">
        <metrics statements="41" coveredstatements="40" conditionals="14" coveredconditionals="12" methods="6" coveredmethods="6"/>
        <line num="6" count="2" type="stmt"/>
        <line num="78" count="2" type="stmt"/>
        <line num="85" count="2" type="stmt"/>
        <line num="93" count="13" type="stmt"/>
        <line num="94" count="13" type="stmt"/>
        <line num="101" count="38" type="cond" truecount="1" falsecount="0"/>
        <line num="102" count="23" type="stmt"/>
        <line num="106" count="15" type="stmt"/>
        <line num="110" count="15" type="stmt"/>
        <line num="111" count="15" type="cond" truecount="2" falsecount="1"/>
        <line num="112" count="0" type="stmt"/>
        <line num="116" count="15" type="stmt"/>
        <line num="119" count="15" type="cond" truecount="1" falsecount="0"/>
        <line num="120" count="9" type="stmt"/>
        <line num="124" count="6" type="stmt"/>
        <line num="125" count="6" type="cond" truecount="1" falsecount="0"/>
        <line num="126" count="4" type="stmt"/>
        <line num="128" count="6" type="cond" truecount="1" falsecount="0"/>
        <line num="129" count="2" type="stmt"/>
        <line num="132" count="6" type="stmt"/>
        <line num="139" count="13" type="stmt"/>
        <line num="140" count="13" type="stmt"/>
        <line num="142" count="13" type="stmt"/>
        <line num="143" count="27" type="stmt"/>
        <line num="144" count="27" type="cond" truecount="1" falsecount="0"/>
        <line num="145" count="4" type="stmt"/>
        <line num="146" count="4" type="stmt"/>
        <line num="150" count="13" type="stmt"/>
        <line num="158" count="5" type="stmt"/>
        <line num="160" count="5" type="cond" truecount="1" falsecount="0"/>
        <line num="162" count="1" type="stmt"/>
        <line num="163" count="4" type="stmt"/>
        <line num="164" count="1" type="stmt"/>
        <line num="167" count="5" type="stmt"/>
        <line num="168" count="5" type="stmt"/>
        <line num="170" count="5" type="stmt"/>
        <line num="177" count="3" type="stmt"/>
        <line num="186" count="3" type="cond" truecount="1" falsecount="0"/>
        <line num="187" count="1" type="stmt"/>
        <line num="190" count="2" type="stmt"/>
        <line num="194" count="2" type="stmt"/>
      </file>
    </package>
    <package name="src.personas">
      <metrics statements="10" coveredstatements="5" conditionals="0" coveredconditionals="0" methods="3" coveredmethods="1"/>
      <file name="definitions.ts" path="/home/ydia/Awful-Code-Review/src/personas/definitions.ts">
        <metrics statements="9" coveredstatements="5" conditionals="0" coveredconditionals="0" methods="3" coveredmethods="1"/>
        <line num="3" count="1" type="stmt"/>
        <line num="1721" count="1" type="stmt"/>
        <line num="1722" count="10" type="stmt"/>
        <line num="1728" count="1" type="stmt"/>
        <line num="1729" count="0" type="stmt"/>
        <line num="1730" count="0" type="stmt"/>
        <line num="1731" count="0" type="stmt"/>
        <line num="1737" count="1" type="stmt"/>
        <line num="1738" count="0" type="stmt"/>
      </file>
      <file name="index.ts" path="/home/ydia/Awful-Code-Review/src/personas/index.ts">
        <metrics statements="1" coveredstatements="0" conditionals="0" coveredconditionals="0" methods="0" coveredmethods="0"/>
        <line num="1" count="0" type="stmt"/>
      </file>
    </package>
  </project>
</coverage>
