{"/home/ydia/Awful-Code-Review/src/contradictions.ts": {"path":"/home/ydia/Awful-Code-Review/src/contradictions.ts","statementMap":{"0":{"start":{"line":36,"column":50},"end":{"line":62,"column":2}},"1":{"start":{"line":67,"column":13},"end":{"line":86,"column":2}},"2":{"start":{"line":91,"column":57},"end":{"line":183,"column":2}},"3":{"start":{"line":186,"column":10},"end":{"line":186,"column":47}},"4":{"start":{"line":190,"column":4},"end":{"line":190,"column":23}},"5":{"start":{"line":197,"column":31},"end":{"line":197,"column":33}},"6":{"start":{"line":198,"column":25},"end":{"line":198,"column":46}},"7":{"start":{"line":200,"column":4},"end":{"line":207,"column":5}},"8":{"start":{"line":201,"column":6},"end":{"line":206,"column":7}},"9":{"start":{"line":202,"column":8},"end":{"line":205,"column":9}},"10":{"start":{"line":203,"column":10},"end":{"line":203,"column":39}},"11":{"start":{"line":204,"column":10},"end":{"line":204,"column":16}},"12":{"start":{"line":209,"column":4},"end":{"line":209,"column":16}},"13":{"start":{"line":222,"column":25},"end":{"line":222,"column":45}},"14":{"start":{"line":223,"column":17},"end":{"line":223,"column":59}},"15":{"start":{"line":225,"column":4},"end":{"line":231,"column":7}},"16":{"start":{"line":238,"column":4},"end":{"line":240,"column":5}},"17":{"start":{"line":239,"column":6},"end":{"line":239,"column":68}},"18":{"start":{"line":243,"column":4},"end":{"line":254,"column":5}},"19":{"start":{"line":244,"column":6},"end":{"line":253,"column":7}},"20":{"start":{"line":245,"column":29},"end":{"line":245,"column":71}},"21":{"start":{"line":245,"column":50},"end":{"line":245,"column":70}},"22":{"start":{"line":246,"column":8},"end":{"line":252,"column":9}},"23":{"start":{"line":247,"column":10},"end":{"line":251,"column":12}},"24":{"start":{"line":256,"column":4},"end":{"line":256,"column":66}},"25":{"start":{"line":263,"column":48},"end":{"line":263,"column":71}},"26":{"start":{"line":265,"column":4},"end":{"line":267,"column":5}},"27":{"start":{"line":266,"column":6},"end":{"line":266,"column":18}},"28":{"start":{"line":269,"column":22},"end":{"line":269,"column":60}},"29":{"start":{"line":270,"column":4},"end":{"line":272,"column":5}},"30":{"start":{"line":271,"column":6},"end":{"line":271,"column":18}},"31":{"start":{"line":274,"column":20},"end":{"line":274,"column":75}},"32":{"start":{"line":276,"column":4},"end":{"line":280,"column":6}},"33":{"start":{"line":287,"column":4},"end":{"line":287,"column":29}},"34":{"start":{"line":294,"column":4},"end":{"line":294,"column":36}},"35":{"start":{"line":301,"column":17},"end":{"line":301,"column":38}},"36":{"start":{"line":302,"column":4},"end":{"line":304,"column":5}},"37":{"start":{"line":303,"column":6},"end":{"line":303,"column":58}},"38":{"start":{"line":303,"column":31},"end":{"line":303,"column":56}},"39":{"start":{"line":305,"column":4},"end":{"line":305,"column":16}},"40":{"start":{"line":185,"column":0},"end":{"line":185,"column":13}},"41":{"start":{"line":309,"column":13},"end":{"line":309,"column":68}}},"fnMap":{"0":{"name":"(anonymous_0)","decl":{"start":{"line":189,"column":2},"end":{"line":189,"column":14}},"loc":{"start":{"line":189,"column":61},"end":{"line":191,"column":3}}},"1":{"name":"(anonymous_1)","decl":{"start":{"line":196,"column":2},"end":{"line":196,"column":11}},"loc":{"start":{"line":196,"column":27},"end":{"line":210,"column":3}}},"2":{"name":"(anonymous_2)","decl":{"start":{"line":215,"column":2},"end":{"line":215,"column":15}},"loc":{"start":{"line":220,"column":31},"end":{"line":232,"column":3}}},"3":{"name":"(anonymous_3)","decl":{"start":{"line":237,"column":2},"end":{"line":237,"column":18}},"loc":{"start":{"line":237,"column":18},"end":{"line":257,"column":3}}},"4":{"name":"(anonymous_4)","decl":{"start":{"line":245,"column":45},"end":{"line":245,"column":46}},"loc":{"start":{"line":245,"column":50},"end":{"line":245,"column":70}}},"5":{"name":"(anonymous_5)","decl":{"start":{"line":262,"column":2},"end":{"line":262,"column":23}},"loc":{"start":{"line":262,"column":23},"end":{"line":281,"column":3}}},"6":{"name":"(anonymous_6)","decl":{"start":{"line":286,"column":2},"end":{"line":286,"column":7}},"loc":{"start":{"line":286,"column":7},"end":{"line":288,"column":3}}},"7":{"name":"(anonymous_7)","decl":{"start":{"line":293,"column":2},"end":{"line":293,"column":12}},"loc":{"start":{"line":293,"column":12},"end":{"line":295,"column":3}}},"8":{"name":"(anonymous_8)","decl":{"start":{"line":300,"column":2},"end":{"line":300,"column":13}},"loc":{"start":{"line":300,"column":13},"end":{"line":306,"column":3}}},"9":{"name":"(anonymous_9)","decl":{"start":{"line":303,"column":26},"end":{"line":303,"column":27}},"loc":{"start":{"line":303,"column":31},"end":{"line":303,"column":56}}}},"branchMap":{"0":{"loc":{"start":{"line":189,"column":14},"end":{"line":189,"column":61}},"type":"default-arg","locations":[{"start":{"line":189,"column":43},"end":{"line":189,"column":61}}]},"1":{"loc":{"start":{"line":202,"column":8},"end":{"line":205,"column":9}},"type":"if","locations":[{"start":{"line":202,"column":8},"end":{"line":205,"column":9}}]},"2":{"loc":{"start":{"line":223,"column":39},"end":{"line":223,"column":57}},"type":"binary-expr","locations":[{"start":{"line":223,"column":39},"end":{"line":223,"column":51}},{"start":{"line":223,"column":55},"end":{"line":223,"column":57}}]},"3":{"loc":{"start":{"line":238,"column":4},"end":{"line":240,"column":5}},"type":"if","locations":[{"start":{"line":238,"column":4},"end":{"line":240,"column":5}}]},"4":{"loc":{"start":{"line":246,"column":8},"end":{"line":252,"column":9}},"type":"if","locations":[{"start":{"line":246,"column":8},"end":{"line":252,"column":9}}]},"5":{"loc":{"start":{"line":246,"column":12},"end":{"line":246,"column":68}},"type":"binary-expr","locations":[{"start":{"line":246,"column":12},"end":{"line":246,"column":24}},{"start":{"line":246,"column":28},"end":{"line":246,"column":68}}]},"6":{"loc":{"start":{"line":265,"column":4},"end":{"line":267,"column":5}},"type":"if","locations":[{"start":{"line":265,"column":4},"end":{"line":267,"column":5}}]},"7":{"loc":{"start":{"line":265,"column":8},"end":{"line":265,"column":46}},"type":"binary-expr","locations":[{"start":{"line":265,"column":8},"end":{"line":265,"column":15}},{"start":{"line":265,"column":19},"end":{"line":265,"column":34}},{"start":{"line":265,"column":38},"end":{"line":265,"column":46}}]},"8":{"loc":{"start":{"line":270,"column":4},"end":{"line":272,"column":5}},"type":"if","locations":[{"start":{"line":270,"column":4},"end":{"line":272,"column":5}}]},"9":{"loc":{"start":{"line":270,"column":8},"end":{"line":270,"column":44}},"type":"binary-expr","locations":[{"start":{"line":270,"column":8},"end":{"line":270,"column":18}},{"start":{"line":270,"column":22},"end":{"line":270,"column":44}}]}},"s":{"0":2,"1":2,"2":2,"3":21,"4":21,"5":28,"6":28,"7":28,"8":700,"9":3423,"10":42,"11":42,"12":28,"13":20,"14":20,"15":20,"16":11,"17":2,"18":9,"19":16,"20":11,"21":102,"22":11,"23":5,"24":4,"25":9,"26":9,"27":5,"28":4,"29":4,"30":0,"31":4,"32":4,"33":4,"34":6,"35":2,"36":2,"37":2,"38":3,"39":2,"40":2,"41":2},"f":{"0":21,"1":28,"2":20,"3":11,"4":102,"5":9,"6":4,"7":6,"8":2,"9":3},"b":{"0":[21],"1":[42],"2":[20,18],"3":[2],"4":[5],"5":[11,9],"6":[5],"7":[9,4,4],"8":[0],"9":[4,4]}}
,"/home/ydia/Awful-Code-Review/src/detector.ts": {"path":"/home/ydia/Awful-Code-Review/src/detector.ts","statementMap":{"0":{"start":{"line":7,"column":13},"end":{"line":169,"column":2}},"1":{"start":{"line":175,"column":4},"end":{"line":175,"column":55}},"2":{"start":{"line":176,"column":4},"end":{"line":176,"column":28}},"3":{"start":{"line":184,"column":4},"end":{"line":191,"column":5}},"4":{"start":{"line":185,"column":6},"end":{"line":190,"column":7}},"5":{"start":{"line":186,"column":8},"end":{"line":186,"column":34}},"6":{"start":{"line":188,"column":24},"end":{"line":188,"column":72}},"7":{"start":{"line":189,"column":8},"end":{"line":189,"column":93}},"8":{"start":{"line":198,"column":18},"end":{"line":198,"column":37}},"9":{"start":{"line":199,"column":4},"end":{"line":199,"column":73}},"10":{"start":{"line":206,"column":4},"end":{"line":208,"column":5}},"11":{"start":{"line":207,"column":6},"end":{"line":207,"column":18}},"12":{"start":{"line":209,"column":4},"end":{"line":209,"column":49}},"13":{"start":{"line":220,"column":22},"end":{"line":220,"column":49}},"14":{"start":{"line":221,"column":36},"end":{"line":221,"column":38}},"15":{"start":{"line":223,"column":4},"end":{"line":249,"column":5}},"16":{"start":{"line":224,"column":6},"end":{"line":226,"column":7}},"17":{"start":{"line":225,"column":8},"end":{"line":225,"column":17}},"18":{"start":{"line":228,"column":6},"end":{"line":248,"column":7}},"19":{"start":{"line":229,"column":22},"end":{"line":229,"column":52}},"20":{"start":{"line":232,"column":8},"end":{"line":245,"column":9}},"21":{"start":{"line":234,"column":10},"end":{"line":236,"column":11}},"22":{"start":{"line":235,"column":12},"end":{"line":235,"column":21}},"23":{"start":{"line":238,"column":10},"end":{"line":244,"column":13}},"24":{"start":{"line":247,"column":8},"end":{"line":247,"column":70}},"25":{"start":{"line":251,"column":4},"end":{"line":251,"column":19}},"26":{"start":{"line":261,"column":20},"end":{"line":261,"column":53}},"27":{"start":{"line":263,"column":4},"end":{"line":269,"column":7}},"28":{"start":{"line":264,"column":25},"end":{"line":264,"column":34}},"29":{"start":{"line":265,"column":22},"end":{"line":265,"column":67}},"30":{"start":{"line":266,"column":6},"end":{"line":268,"column":7}},"31":{"start":{"line":267,"column":8},"end":{"line":267,"column":41}},"32":{"start":{"line":271,"column":4},"end":{"line":271,"column":19}},"33":{"start":{"line":278,"column":21},"end":{"line":278,"column":43}},"34":{"start":{"line":279,"column":4},"end":{"line":281,"column":7}},"35":{"start":{"line":280,"column":6},"end":{"line":280,"column":59}},"36":{"start":{"line":280,"column":42},"end":{"line":280,"column":57}},"37":{"start":{"line":282,"column":4},"end":{"line":282,"column":32}},"38":{"start":{"line":289,"column":18},"end":{"line":289,"column":35}},"39":{"start":{"line":290,"column":89},"end":{"line":290,"column":91}},"40":{"start":{"line":291,"column":22},"end":{"line":291,"column":23}},"41":{"start":{"line":293,"column":4},"end":{"line":320,"column":5}},"42":{"start":{"line":295,"column":24},"end":{"line":295,"column":81}},"43":{"start":{"line":296,"column":6},"end":{"line":299,"column":7}},"44":{"start":{"line":297,"column":8},"end":{"line":297,"column":49}},"45":{"start":{"line":298,"column":8},"end":{"line":298,"column":17}},"46":{"start":{"line":301,"column":6},"end":{"line":319,"column":7}},"47":{"start":{"line":302,"column":8},"end":{"line":306,"column":11}},"48":{"start":{"line":307,"column":8},"end":{"line":307,"column":22}},"49":{"start":{"line":308,"column":13},"end":{"line":319,"column":7}},"50":{"start":{"line":311,"column":8},"end":{"line":315,"column":11}},"51":{"start":{"line":316,"column":13},"end":{"line":319,"column":7}},"52":{"start":{"line":318,"column":8},"end":{"line":318,"column":22}},"53":{"start":{"line":322,"column":4},"end":{"line":322,"column":19}},"54":{"start":{"line":171,"column":0},"end":{"line":171,"column":13}},"55":{"start":{"line":326,"column":13},"end":{"line":326,"column":53}}},"fnMap":{"0":{"name":"(anonymous_0)","decl":{"start":{"line":174,"column":2},"end":{"line":174,"column":14}},"loc":{"start":{"line":174,"column":64},"end":{"line":177,"column":3}}},"1":{"name":"(anonymous_1)","decl":{"start":{"line":183,"column":10},"end":{"line":183,"column":26}},"loc":{"start":{"line":183,"column":26},"end":{"line":192,"column":3}}},"2":{"name":"(anonymous_2)","decl":{"start":{"line":197,"column":10},"end":{"line":197,"column":22}},"loc":{"start":{"line":197,"column":39},"end":{"line":200,"column":3}}},"3":{"name":"(anonymous_3)","decl":{"start":{"line":205,"column":10},"end":{"line":205,"column":32}},"loc":{"start":{"line":205,"column":78},"end":{"line":210,"column":3}}},"4":{"name":"(anonymous_4)","decl":{"start":{"line":215,"column":2},"end":{"line":215,"column":14}},"loc":{"start":{"line":218,"column":20},"end":{"line":252,"column":3}}},"5":{"name":"(anonymous_5)","decl":{"start":{"line":257,"column":2},"end":{"line":257,"column":15}},"loc":{"start":{"line":259,"column":20},"end":{"line":272,"column":3}}},"6":{"name":"(anonymous_6)","decl":{"start":{"line":263,"column":18},"end":{"line":263,"column":19}},"loc":{"start":{"line":263,"column":34},"end":{"line":269,"column":5}}},"7":{"name":"(anonymous_7)","decl":{"start":{"line":277,"column":2},"end":{"line":277,"column":22}},"loc":{"start":{"line":277,"column":46},"end":{"line":283,"column":3}}},"8":{"name":"(anonymous_8)","decl":{"start":{"line":279,"column":20},"end":{"line":279,"column":25}},"loc":{"start":{"line":279,"column":28},"end":{"line":281,"column":5}}},"9":{"name":"(anonymous_9)","decl":{"start":{"line":280,"column":37},"end":{"line":280,"column":38}},"loc":{"start":{"line":280,"column":42},"end":{"line":280,"column":57}}},"10":{"name":"(anonymous_10)","decl":{"start":{"line":288,"column":2},"end":{"line":288,"column":11}},"loc":{"start":{"line":288,"column":25},"end":{"line":323,"column":3}}}},"branchMap":{"0":{"loc":{"start":{"line":188,"column":24},"end":{"line":188,"column":72}},"type":"cond-expr","locations":[{"start":{"line":188,"column":45},"end":{"line":188,"column":54}},{"start":{"line":188,"column":57},"end":{"line":188,"column":72}}]},"1":{"loc":{"start":{"line":199,"column":11},"end":{"line":199,"column":72}},"type":"cond-expr","locations":[{"start":{"line":199,"column":30},"end":{"line":199,"column":67}},{"start":{"line":199,"column":70},"end":{"line":199,"column":72}}]},"2":{"loc":{"start":{"line":206,"column":4},"end":{"line":208,"column":5}},"type":"if","locations":[{"start":{"line":206,"column":4},"end":{"line":208,"column":5}}]},"3":{"loc":{"start":{"line":206,"column":8},"end":{"line":206,"column":61}},"type":"binary-expr","locations":[{"start":{"line":206,"column":8},"end":{"line":206,"column":26}},{"start":{"line":206,"column":30},"end":{"line":206,"column":61}}]},"4":{"loc":{"start":{"line":224,"column":6},"end":{"line":226,"column":7}},"type":"if","locations":[{"start":{"line":224,"column":6},"end":{"line":226,"column":7}}]},"5":{"loc":{"start":{"line":234,"column":10},"end":{"line":236,"column":11}},"type":"if","locations":[{"start":{"line":234,"column":10},"end":{"line":236,"column":11}}]},"6":{"loc":{"start":{"line":234,"column":31},"end":{"line":234,"column":50}},"type":"binary-expr","locations":[{"start":{"line":234,"column":31},"end":{"line":234,"column":45}},{"start":{"line":234,"column":49},"end":{"line":234,"column":50}}]},"7":{"loc":{"start":{"line":266,"column":6},"end":{"line":268,"column":7}},"type":"if","locations":[{"start":{"line":266,"column":6},"end":{"line":268,"column":7}}]},"8":{"loc":{"start":{"line":296,"column":6},"end":{"line":299,"column":7}},"type":"if","locations":[{"start":{"line":296,"column":6},"end":{"line":299,"column":7}}]},"9":{"loc":{"start":{"line":301,"column":6},"end":{"line":319,"column":7}},"type":"if","locations":[{"start":{"line":301,"column":6},"end":{"line":319,"column":7}},{"start":{"line":308,"column":13},"end":{"line":319,"column":7}}]},"10":{"loc":{"start":{"line":301,"column":10},"end":{"line":301,"column":57}},"type":"binary-expr","locations":[{"start":{"line":301,"column":10},"end":{"line":301,"column":30}},{"start":{"line":301,"column":34},"end":{"line":301,"column":57}}]},"11":{"loc":{"start":{"line":308,"column":13},"end":{"line":319,"column":7}},"type":"if","locations":[{"start":{"line":308,"column":13},"end":{"line":319,"column":7}},{"start":{"line":316,"column":13},"end":{"line":319,"column":7}}]},"12":{"loc":{"start":{"line":308,"column":17},"end":{"line":308,"column":64}},"type":"binary-expr","locations":[{"start":{"line":308,"column":17},"end":{"line":308,"column":37}},{"start":{"line":308,"column":41},"end":{"line":308,"column":64}}]},"13":{"loc":{"start":{"line":316,"column":13},"end":{"line":319,"column":7}},"type":"if","locations":[{"start":{"line":316,"column":13},"end":{"line":319,"column":7}}]}},"s":{"0":2,"1":19,"2":19,"3":19,"4":401,"5":401,"6":1,"7":1,"8":14,"9":14,"10":294,"11":42,"12":252,"13":14,"14":14,"15":14,"16":294,"17":56,"18":238,"19":238,"20":238,"21":362,"22":209,"23":153,"24":0,"25":14,"26":2,"27":2,"28":7,"29":7,"30":7,"31":6,"32":2,"33":1,"34":1,"35":7,"36":40,"37":1,"38":3,"39":3,"40":3,"41":3,"42":13,"43":13,"44":3,"45":3,"46":10,"47":5,"48":5,"49":5,"50":1,"51":4,"52":4,"53":3,"54":2,"55":2},"f":{"0":19,"1":19,"2":14,"3":294,"4":14,"5":2,"6":7,"7":1,"8":7,"9":40,"10":3},"b":{"0":[1,0],"1":[14,0],"2":[42],"3":[294,294],"4":[56],"5":[209],"6":[362,0],"7":[6],"8":[3],"9":[5,5],"10":[10,5],"11":[1,4],"12":[5,1],"13":[4]}}
,"/home/ydia/Awful-Code-Review/src/generator.ts": {"path":"/home/ydia/Awful-Code-Review/src/generator.ts","statementMap":{"0":{"start":{"line":10,"column":0},"end":{"line":10,"column":80}},"1":{"start":{"line":11,"column":0},"end":{"line":11,"column":62}},"2":{"start":{"line":12,"column":0},"end":{"line":12,"column":68}},"3":{"start":{"line":13,"column":0},"end":{"line":13,"column":83}},"4":{"start":{"line":18,"column":13},"end":{"line":37,"column":2}},"5":{"start":{"line":42,"column":57},"end":{"line":51,"column":2}},"6":{"start":{"line":56,"column":25},"end":{"line":72,"column":2}},"7":{"start":{"line":77,"column":24},"end":{"line":106,"column":2}},"8":{"start":{"line":120,"column":4},"end":{"line":120,"column":50}},"9":{"start":{"line":121,"column":4},"end":{"line":121,"column":29}},"10":{"start":{"line":122,"column":4},"end":{"line":122,"column":41}},"11":{"start":{"line":123,"column":4},"end":{"line":123,"column":51}},"12":{"start":{"line":131,"column":22},"end":{"line":131,"column":62}},"13":{"start":{"line":131,"column":43},"end":{"line":131,"column":61}},"14":{"start":{"line":134,"column":20},"end":{"line":134,"column":82}},"15":{"start":{"line":134,"column":42},"end":{"line":134,"column":81}},"16":{"start":{"line":136,"column":4},"end":{"line":141,"column":5}},"17":{"start":{"line":138,"column":6},"end":{"line":140,"column":8}},"18":{"start":{"line":144,"column":4},"end":{"line":144,"column":63}},"19":{"start":{"line":156,"column":4},"end":{"line":158,"column":5}},"20":{"start":{"line":157,"column":6},"end":{"line":157,"column":18}},"21":{"start":{"line":161,"column":4},"end":{"line":170,"column":5}},"22":{"start":{"line":162,"column":22},"end":{"line":162,"column":91}},"23":{"start":{"line":163,"column":6},"end":{"line":169,"column":8}},"24":{"start":{"line":172,"column":24},"end":{"line":172,"column":51}},"25":{"start":{"line":173,"column":20},"end":{"line":173,"column":43}},"26":{"start":{"line":175,"column":4},"end":{"line":177,"column":5}},"27":{"start":{"line":176,"column":6},"end":{"line":176,"column":18}},"28":{"start":{"line":180,"column":34},"end":{"line":180,"column":38}},"29":{"start":{"line":183,"column":4},"end":{"line":189,"column":5}},"30":{"start":{"line":184,"column":6},"end":{"line":188,"column":7}},"31":{"start":{"line":185,"column":24},"end":{"line":185,"column":56}},"32":{"start":{"line":186,"column":8},"end":{"line":186,"column":71}},"33":{"start":{"line":187,"column":8},"end":{"line":187,"column":14}},"34":{"start":{"line":192,"column":4},"end":{"line":198,"column":5}},"35":{"start":{"line":193,"column":6},"end":{"line":197,"column":7}},"36":{"start":{"line":194,"column":8},"end":{"line":194,"column":99}},"37":{"start":{"line":195,"column":13},"end":{"line":197,"column":7}},"38":{"start":{"line":196,"column":8},"end":{"line":196,"column":105}},"39":{"start":{"line":200,"column":4},"end":{"line":202,"column":5}},"40":{"start":{"line":201,"column":6},"end":{"line":201,"column":18}},"41":{"start":{"line":205,"column":4},"end":{"line":210,"column":5}},"42":{"start":{"line":206,"column":22},"end":{"line":207,"column":null}},"43":{"start":{"line":209,"column":6},"end":{"line":209,"column":42}},"44":{"start":{"line":213,"column":4},"end":{"line":213,"column":60}},"45":{"start":{"line":216,"column":4},"end":{"line":223,"column":5}},"46":{"start":{"line":217,"column":29},"end":{"line":217,"column":75}},"47":{"start":{"line":218,"column":6},"end":{"line":222,"column":8}},"48":{"start":{"line":225,"column":35},"end":{"line":231,"column":6}},"49":{"start":{"line":234,"column":4},"end":{"line":234,"column":78}},"50":{"start":{"line":236,"column":4},"end":{"line":236,"column":19}},"51":{"start":{"line":243,"column":4},"end":{"line":245,"column":5}},"52":{"start":{"line":244,"column":6},"end":{"line":244,"column":18}},"53":{"start":{"line":247,"column":4},"end":{"line":249,"column":5}},"54":{"start":{"line":248,"column":6},"end":{"line":248,"column":18}},"55":{"start":{"line":251,"column":20},"end":{"line":251,"column":53}},"56":{"start":{"line":252,"column":4},"end":{"line":254,"column":5}},"57":{"start":{"line":253,"column":6},"end":{"line":253,"column":18}},"58":{"start":{"line":256,"column":4},"end":{"line":256,"column":63}},"59":{"start":{"line":263,"column":18},"end":{"line":263,"column":43}},"60":{"start":{"line":265,"column":31},"end":{"line":268,"column":6}},"61":{"start":{"line":269,"column":26},"end":{"line":271,"column":6}},"62":{"start":{"line":273,"column":4},"end":{"line":275,"column":5}},"63":{"start":{"line":273,"column":37},"end":{"line":273,"column":54}},"64":{"start":{"line":274,"column":6},"end":{"line":274,"column":35}},"65":{"start":{"line":276,"column":4},"end":{"line":278,"column":5}},"66":{"start":{"line":276,"column":32},"end":{"line":276,"column":49}},"67":{"start":{"line":277,"column":6},"end":{"line":277,"column":28}},"68":{"start":{"line":279,"column":4},"end":{"line":279,"column":29}},"69":{"start":{"line":286,"column":38},"end":{"line":286,"column":40}},"70":{"start":{"line":287,"column":80},"end":{"line":287,"column":82}},"71":{"start":{"line":290,"column":4},"end":{"line":297,"column":5}},"72":{"start":{"line":291,"column":6},"end":{"line":296,"column":7}},"73":{"start":{"line":292,"column":8},"end":{"line":295,"column":11}},"74":{"start":{"line":300,"column":27},"end":{"line":300,"column":67}},"75":{"start":{"line":301,"column":4},"end":{"line":309,"column":5}},"76":{"start":{"line":302,"column":6},"end":{"line":308,"column":9}},"77":{"start":{"line":312,"column":21},"end":{"line":312,"column":75}},"78":{"start":{"line":312,"column":55},"end":{"line":312,"column":74}},"79":{"start":{"line":313,"column":22},"end":{"line":313,"column":71}},"80":{"start":{"line":315,"column":4},"end":{"line":320,"column":5}},"81":{"start":{"line":316,"column":22},"end":{"line":316,"column":72}},"82":{"start":{"line":317,"column":6},"end":{"line":319,"column":7}},"83":{"start":{"line":318,"column":8},"end":{"line":318,"column":31}},"84":{"start":{"line":323,"column":4},"end":{"line":336,"column":5}},"85":{"start":{"line":324,"column":28},"end":{"line":324,"column":76}},"86":{"start":{"line":325,"column":6},"end":{"line":335,"column":7}},"87":{"start":{"line":326,"column":30},"end":{"line":326,"column":83}},"88":{"start":{"line":328,"column":8},"end":{"line":334,"column":11}},"89":{"start":{"line":338,"column":4},"end":{"line":338,"column":20}},"90":{"start":{"line":348,"column":4},"end":{"line":357,"column":5}},"91":{"start":{"line":350,"column":6},"end":{"line":350,"column":108}},"92":{"start":{"line":351,"column":11},"end":{"line":357,"column":5}},"93":{"start":{"line":352,"column":6},"end":{"line":352,"column":72}},"94":{"start":{"line":354,"column":6},"end":{"line":356,"column":40}},"95":{"start":{"line":359,"column":20},"end":{"line":359,"column":42}},"96":{"start":{"line":360,"column":18},"end":{"line":360,"column":69}},"97":{"start":{"line":363,"column":4},"end":{"line":365,"column":5}},"98":{"start":{"line":364,"column":6},"end":{"line":364,"column":90}},"99":{"start":{"line":367,"column":4},"end":{"line":367,"column":19}},"100":{"start":{"line":374,"column":24},"end":{"line":374,"column":70}},"101":{"start":{"line":374,"column":43},"end":{"line":374,"column":69}},"102":{"start":{"line":375,"column":25},"end":{"line":375,"column":40}},"103":{"start":{"line":379,"column":4},"end":{"line":387,"column":5}},"104":{"start":{"line":380,"column":6},"end":{"line":380,"column":25}},"105":{"start":{"line":381,"column":11},"end":{"line":387,"column":5}},"106":{"start":{"line":382,"column":6},"end":{"line":382,"column":33}},"107":{"start":{"line":383,"column":11},"end":{"line":387,"column":5}},"108":{"start":{"line":384,"column":6},"end":{"line":384,"column":99}},"109":{"start":{"line":386,"column":6},"end":{"line":386,"column":59}},"110":{"start":{"line":390,"column":4},"end":{"line":393,"column":5}},"111":{"start":{"line":391,"column":38},"end":{"line":391,"column":79}},"112":{"start":{"line":392,"column":6},"end":{"line":392,"column":67}},"113":{"start":{"line":395,"column":4},"end":{"line":395,"column":18}},"114":{"start":{"line":402,"column":4},"end":{"line":402,"column":37}},"115":{"start":{"line":403,"column":41},"end":{"line":403,"column":43}},"116":{"start":{"line":405,"column":4},"end":{"line":413,"column":5}},"117":{"start":{"line":406,"column":27},"end":{"line":406,"column":61}},"118":{"start":{"line":407,"column":6},"end":{"line":407,"column":40}},"119":{"start":{"line":410,"column":6},"end":{"line":412,"column":7}},"120":{"start":{"line":411,"column":8},"end":{"line":411,"column":14}},"121":{"start":{"line":416,"column":26},"end":{"line":416,"column":76}},"122":{"start":{"line":418,"column":19},"end":{"line":418,"column":51}},"123":{"start":{"line":419,"column":20},"end":{"line":419,"column":70}},"124":{"start":{"line":422,"column":31},"end":{"line":422,"column":97}},"125":{"start":{"line":422,"column":57},"end":{"line":422,"column":89}},"126":{"start":{"line":424,"column":4},"end":{"line":429,"column":6}},"127":{"start":{"line":436,"column":4},"end":{"line":436,"column":37}},"128":{"start":{"line":108,"column":0},"end":{"line":108,"column":13}},"129":{"start":{"line":440,"column":13},"end":{"line":440,"column":55}}},"fnMap":{"0":{"name":"(anonymous_0)","decl":{"start":{"line":114,"column":2},"end":{"line":114,"column":null}},"loc":{"start":{"line":118,"column":73},"end":{"line":124,"column":3}}},"1":{"name":"(anonymous_1)","decl":{"start":{"line":129,"column":10},"end":{"line":129,"column":23}},"loc":{"start":{"line":129,"column":47},"end":{"line":145,"column":3}}},"2":{"name":"(anonymous_2)","decl":{"start":{"line":131,"column":38},"end":{"line":131,"column":39}},"loc":{"start":{"line":131,"column":43},"end":{"line":131,"column":61}}},"3":{"name":"(anonymous_3)","decl":{"start":{"line":134,"column":37},"end":{"line":134,"column":38}},"loc":{"start":{"line":134,"column":42},"end":{"line":134,"column":81}}},"4":{"name":"(anonymous_4)","decl":{"start":{"line":150,"column":10},"end":{"line":150,"column":25}},"loc":{"start":{"line":153,"column":27},"end":{"line":237,"column":3}}},"5":{"name":"(anonymous_5)","decl":{"start":{"line":242,"column":10},"end":{"line":242,"column":29}},"loc":{"start":{"line":242,"column":47},"end":{"line":257,"column":3}}},"6":{"name":"(anonymous_6)","decl":{"start":{"line":262,"column":10},"end":{"line":262,"column":36}},"loc":{"start":{"line":262,"column":56},"end":{"line":280,"column":3}}},"7":{"name":"(anonymous_7)","decl":{"start":{"line":273,"column":32},"end":{"line":273,"column":33}},"loc":{"start":{"line":273,"column":37},"end":{"line":273,"column":54}}},"8":{"name":"(anonymous_8)","decl":{"start":{"line":276,"column":27},"end":{"line":276,"column":28}},"loc":{"start":{"line":276,"column":32},"end":{"line":276,"column":49}}},"9":{"name":"(anonymous_9)","decl":{"start":{"line":285,"column":2},"end":{"line":285,"column":25}},"loc":{"start":{"line":285,"column":44},"end":{"line":339,"column":3}}},"10":{"name":"(anonymous_10)","decl":{"start":{"line":312,"column":49},"end":{"line":312,"column":52}},"loc":{"start":{"line":312,"column":55},"end":{"line":312,"column":74}}},"11":{"name":"(anonymous_11)","decl":{"start":{"line":344,"column":2},"end":{"line":344,"column":17}},"loc":{"start":{"line":344,"column":60},"end":{"line":368,"column":3}}},"12":{"name":"(anonymous_12)","decl":{"start":{"line":373,"column":2},"end":{"line":373,"column":14}},"loc":{"start":{"line":373,"column":40},"end":{"line":396,"column":3}}},"13":{"name":"(anonymous_13)","decl":{"start":{"line":374,"column":38},"end":{"line":374,"column":39}},"loc":{"start":{"line":374,"column":43},"end":{"line":374,"column":69}}},"14":{"name":"(anonymous_14)","decl":{"start":{"line":401,"column":2},"end":{"line":401,"column":15}},"loc":{"start":{"line":401,"column":37},"end":{"line":430,"column":3}}},"15":{"name":"(anonymous_15)","decl":{"start":{"line":422,"column":52},"end":{"line":422,"column":53}},"loc":{"start":{"line":422,"column":57},"end":{"line":422,"column":89}}},"16":{"name":"(anonymous_16)","decl":{"start":{"line":435,"column":2},"end":{"line":435,"column":7}},"loc":{"start":{"line":435,"column":7},"end":{"line":437,"column":3}}}},"branchMap":{"0":{"loc":{"start":{"line":115,"column":4},"end":{"line":115,"column":37}},"type":"default-arg","locations":[{"start":{"line":115,"column":35},"end":{"line":115,"column":37}}]},"1":{"loc":{"start":{"line":116,"column":4},"end":{"line":116,"column":47}},"type":"default-arg","locations":[{"start":{"line":116,"column":32},"end":{"line":116,"column":47}}]},"2":{"loc":{"start":{"line":117,"column":4},"end":{"line":117,"column":58}},"type":"default-arg","locations":[{"start":{"line":117,"column":37},"end":{"line":117,"column":58}}]},"3":{"loc":{"start":{"line":118,"column":4},"end":{"line":118,"column":73}},"type":"default-arg","locations":[{"start":{"line":118,"column":47},"end":{"line":118,"column":73}}]},"4":{"loc":{"start":{"line":136,"column":4},"end":{"line":141,"column":5}},"type":"if","locations":[{"start":{"line":136,"column":4},"end":{"line":141,"column":5}}]},"5":{"loc":{"start":{"line":156,"column":4},"end":{"line":158,"column":5}},"type":"if","locations":[{"start":{"line":156,"column":4},"end":{"line":158,"column":5}}]},"6":{"loc":{"start":{"line":161,"column":4},"end":{"line":170,"column":5}},"type":"if","locations":[{"start":{"line":161,"column":4},"end":{"line":170,"column":5}}]},"7":{"loc":{"start":{"line":175,"column":4},"end":{"line":177,"column":5}},"type":"if","locations":[{"start":{"line":175,"column":4},"end":{"line":177,"column":5}}]},"8":{"loc":{"start":{"line":184,"column":6},"end":{"line":188,"column":7}},"type":"if","locations":[{"start":{"line":184,"column":6},"end":{"line":188,"column":7}}]},"9":{"loc":{"start":{"line":192,"column":4},"end":{"line":198,"column":5}},"type":"if","locations":[{"start":{"line":192,"column":4},"end":{"line":198,"column":5}}]},"10":{"loc":{"start":{"line":193,"column":6},"end":{"line":197,"column":7}},"type":"if","locations":[{"start":{"line":193,"column":6},"end":{"line":197,"column":7}},{"start":{"line":195,"column":13},"end":{"line":197,"column":7}}]},"11":{"loc":{"start":{"line":195,"column":13},"end":{"line":197,"column":7}},"type":"if","locations":[{"start":{"line":195,"column":13},"end":{"line":197,"column":7}}]},"12":{"loc":{"start":{"line":200,"column":4},"end":{"line":202,"column":5}},"type":"if","locations":[{"start":{"line":200,"column":4},"end":{"line":202,"column":5}}]},"13":{"loc":{"start":{"line":205,"column":4},"end":{"line":210,"column":5}},"type":"if","locations":[{"start":{"line":205,"column":4},"end":{"line":210,"column":5}}]},"14":{"loc":{"start":{"line":205,"column":8},"end":{"line":205,"column":79}},"type":"binary-expr","locations":[{"start":{"line":205,"column":8},"end":{"line":205,"column":42}},{"start":{"line":205,"column":46},"end":{"line":205,"column":79}}]},"15":{"loc":{"start":{"line":216,"column":4},"end":{"line":223,"column":5}},"type":"if","locations":[{"start":{"line":216,"column":4},"end":{"line":223,"column":5}}]},"16":{"loc":{"start":{"line":217,"column":29},"end":{"line":217,"column":75}},"type":"cond-expr","locations":[{"start":{"line":217,"column":51},"end":{"line":217,"column":60}},{"start":{"line":217,"column":63},"end":{"line":217,"column":75}}]},"17":{"loc":{"start":{"line":243,"column":4},"end":{"line":245,"column":5}},"type":"if","locations":[{"start":{"line":243,"column":4},"end":{"line":245,"column":5}}]},"18":{"loc":{"start":{"line":247,"column":4},"end":{"line":249,"column":5}},"type":"if","locations":[{"start":{"line":247,"column":4},"end":{"line":249,"column":5}}]},"19":{"loc":{"start":{"line":252,"column":4},"end":{"line":254,"column":5}},"type":"if","locations":[{"start":{"line":252,"column":4},"end":{"line":254,"column":5}}]},"20":{"loc":{"start":{"line":252,"column":8},"end":{"line":252,"column":40}},"type":"binary-expr","locations":[{"start":{"line":252,"column":8},"end":{"line":252,"column":16}},{"start":{"line":252,"column":20},"end":{"line":252,"column":40}}]},"21":{"loc":{"start":{"line":273,"column":4},"end":{"line":275,"column":5}},"type":"if","locations":[{"start":{"line":273,"column":4},"end":{"line":275,"column":5}}]},"22":{"loc":{"start":{"line":276,"column":4},"end":{"line":278,"column":5}},"type":"if","locations":[{"start":{"line":276,"column":4},"end":{"line":278,"column":5}}]},"23":{"loc":{"start":{"line":291,"column":6},"end":{"line":296,"column":7}},"type":"if","locations":[{"start":{"line":291,"column":6},"end":{"line":296,"column":7}}]},"24":{"loc":{"start":{"line":291,"column":10},"end":{"line":291,"column":53}},"type":"binary-expr","locations":[{"start":{"line":291,"column":10},"end":{"line":291,"column":34}},{"start":{"line":291,"column":38},"end":{"line":291,"column":53}}]},"25":{"loc":{"start":{"line":301,"column":4},"end":{"line":309,"column":5}},"type":"if","locations":[{"start":{"line":301,"column":4},"end":{"line":309,"column":5}}]},"26":{"loc":{"start":{"line":317,"column":6},"end":{"line":319,"column":7}},"type":"if","locations":[{"start":{"line":317,"column":6},"end":{"line":319,"column":7}}]},"27":{"loc":{"start":{"line":323,"column":4},"end":{"line":336,"column":5}},"type":"if","locations":[{"start":{"line":323,"column":4},"end":{"line":336,"column":5}}]},"28":{"loc":{"start":{"line":323,"column":8},"end":{"line":323,"column":63}},"type":"binary-expr","locations":[{"start":{"line":323,"column":8},"end":{"line":323,"column":40}},{"start":{"line":323,"column":44},"end":{"line":323,"column":63}}]},"29":{"loc":{"start":{"line":325,"column":6},"end":{"line":335,"column":7}},"type":"if","locations":[{"start":{"line":325,"column":6},"end":{"line":335,"column":7}}]},"30":{"loc":{"start":{"line":348,"column":4},"end":{"line":357,"column":5}},"type":"if","locations":[{"start":{"line":348,"column":4},"end":{"line":357,"column":5}},{"start":{"line":351,"column":11},"end":{"line":357,"column":5}}]},"31":{"loc":{"start":{"line":350,"column":14},"end":{"line":350,"column":107}},"type":"cond-expr","locations":[{"start":{"line":350,"column":75},"end":{"line":350,"column":89}},{"start":{"line":350,"column":92},"end":{"line":350,"column":107}}]},"32":{"loc":{"start":{"line":351,"column":11},"end":{"line":357,"column":5}},"type":"if","locations":[{"start":{"line":351,"column":11},"end":{"line":357,"column":5}},{"start":{"line":353,"column":11},"end":{"line":357,"column":5}}]},"33":{"loc":{"start":{"line":352,"column":14},"end":{"line":352,"column":71}},"type":"cond-expr","locations":[{"start":{"line":352,"column":36},"end":{"line":352,"column":56}},{"start":{"line":352,"column":59},"end":{"line":352,"column":71}}]},"34":{"loc":{"start":{"line":363,"column":4},"end":{"line":365,"column":5}},"type":"if","locations":[{"start":{"line":363,"column":4},"end":{"line":365,"column":5}}]},"35":{"loc":{"start":{"line":363,"column":8},"end":{"line":363,"column":71}},"type":"binary-expr","locations":[{"start":{"line":363,"column":8},"end":{"line":363,"column":28}},{"start":{"line":363,"column":32},"end":{"line":363,"column":48}},{"start":{"line":363,"column":52},"end":{"line":363,"column":71}}]},"36":{"loc":{"start":{"line":379,"column":4},"end":{"line":387,"column":5}},"type":"if","locations":[{"start":{"line":379,"column":4},"end":{"line":387,"column":5}},{"start":{"line":381,"column":11},"end":{"line":387,"column":5}}]},"37":{"loc":{"start":{"line":381,"column":11},"end":{"line":387,"column":5}},"type":"if","locations":[{"start":{"line":381,"column":11},"end":{"line":387,"column":5}},{"start":{"line":383,"column":11},"end":{"line":387,"column":5}}]},"38":{"loc":{"start":{"line":383,"column":11},"end":{"line":387,"column":5}},"type":"if","locations":[{"start":{"line":383,"column":11},"end":{"line":387,"column":5}},{"start":{"line":385,"column":11},"end":{"line":387,"column":5}}]},"39":{"loc":{"start":{"line":384,"column":15},"end":{"line":384,"column":98}},"type":"cond-expr","locations":[{"start":{"line":384,"column":69},"end":{"line":384,"column":86}},{"start":{"line":384,"column":89},"end":{"line":384,"column":98}}]},"40":{"loc":{"start":{"line":386,"column":15},"end":{"line":386,"column":58}},"type":"cond-expr","locations":[{"start":{"line":386,"column":37},"end":{"line":386,"column":46}},{"start":{"line":386,"column":49},"end":{"line":386,"column":58}}]},"41":{"loc":{"start":{"line":390,"column":4},"end":{"line":393,"column":5}},"type":"if","locations":[{"start":{"line":390,"column":4},"end":{"line":393,"column":5}}]},"42":{"loc":{"start":{"line":410,"column":6},"end":{"line":412,"column":7}},"type":"if","locations":[{"start":{"line":410,"column":6},"end":{"line":412,"column":7}}]}},"s":{"0":1,"1":1,"2":1,"3":1,"4":1,"5":1,"6":1,"7":1,"8":29,"9":29,"10":29,"11":29,"12":10,"13":10,"14":10,"15":20,"16":10,"17":0,"18":10,"19":10,"20":0,"21":10,"22":0,"23":0,"24":10,"25":10,"26":10,"27":0,"28":10,"29":10,"30":10,"31":9,"32":9,"33":9,"34":10,"35":1,"36":1,"37":0,"38":0,"39":10,"40":0,"41":10,"42":8,"43":8,"44":10,"45":10,"46":2,"47":2,"48":10,"49":10,"50":10,"51":8,"52":0,"53":8,"54":7,"55":1,"56":1,"57":1,"58":0,"59":3,"60":3,"61":3,"62":3,"63":21,"64":0,"65":3,"66":15,"67":0,"68":3,"69":8,"70":8,"71":8,"72":14,"73":13,"74":8,"75":8,"76":0,"77":8,"78":8,"79":8,"80":8,"81":10,"82":10,"83":10,"84":8,"85":7,"86":7,"87":3,"88":3,"89":8,"90":6,"91":3,"92":3,"93":1,"94":2,"95":6,"96":6,"97":6,"98":1,"99":6,"100":54,"101":7,"102":54,"103":54,"104":51,"105":3,"106":1,"107":2,"108":0,"109":2,"110":54,"111":50,"112":50,"113":54,"114":2,"115":2,"116":2,"117":4,"118":4,"119":4,"120":1,"121":2,"122":2,"123":2,"124":2,"125":6,"126":2,"127":1,"128":1,"129":1},"f":{"0":29,"1":10,"2":10,"3":20,"4":10,"5":8,"6":3,"7":21,"8":15,"9":8,"10":8,"11":6,"12":54,"13":7,"14":2,"15":6,"16":1},"b":{"0":[19],"1":[29],"2":[29],"3":[29],"4":[0],"5":[0],"6":[0],"7":[0],"8":[9],"9":[1],"10":[1,0],"11":[0],"12":[0],"13":[8],"14":[10,8],"15":[2],"16":[0,2],"17":[0],"18":[7],"19":[1],"20":[1,0],"21":[0],"22":[0],"23":[13],"24":[14,14],"25":[0],"26":[10],"27":[7],"28":[8,8],"29":[3],"30":[3,3],"31":[2,1],"32":[1,2],"33":[1,0],"34":[1],"35":[6,3,2],"36":[51,3],"37":[1,2],"38":[0,2],"39":[0,0],"40":[1,1],"41":[50],"42":[1]}}
,"/home/ydia/Awful-Code-Review/src/github.ts": {"path":"/home/ydia/Awful-Code-Review/src/github.ts","statementMap":{"0":{"start":{"line":192,"column":0},"end":{"line":192,"column":16}},"1":{"start":{"line":217,"column":0},"end":{"line":217,"column":16}},"2":{"start":{"line":1,"column":0},"end":{"line":1,"column":40}},"3":{"start":{"line":3,"column":0},"end":{"line":3,"column":62}},"4":{"start":{"line":18,"column":4},"end":{"line":18,"column":48}},"5":{"start":{"line":19,"column":4},"end":{"line":19,"column":27}},"6":{"start":{"line":20,"column":4},"end":{"line":20,"column":48}},"7":{"start":{"line":27,"column":40},"end":{"line":27,"column":52}},"8":{"start":{"line":29,"column":21},"end":{"line":34,"column":6}},"9":{"start":{"line":36,"column":4},"end":{"line":42,"column":8}},"10":{"start":{"line":36,"column":38},"end":{"line":42,"column":6}},"11":{"start":{"line":49,"column":4},"end":{"line":68,"column":7}},"12":{"start":{"line":50,"column":24},"end":{"line":50,"column":75}},"13":{"start":{"line":53,"column":22},"end":{"line":53,"column":57}},"14":{"start":{"line":56,"column":36},"end":{"line":61,"column":9}},"15":{"start":{"line":56,"column":59},"end":{"line":61,"column":8}},"16":{"start":{"line":63,"column":6},"end":{"line":67,"column":8}},"17":{"start":{"line":75,"column":49},"end":{"line":75,"column":61}},"18":{"start":{"line":78,"column":27},"end":{"line":83,"column":7}},"19":{"start":{"line":78,"column":59},"end":{"line":83,"column":6}},"20":{"start":{"line":86,"column":86},"end":{"line":90,"column":6}},"21":{"start":{"line":92,"column":4},"end":{"line":100,"column":7}},"22":{"start":{"line":113,"column":40},"end":{"line":113,"column":52}},"23":{"start":{"line":115,"column":21},"end":{"line":119,"column":6}},"24":{"start":{"line":121,"column":4},"end":{"line":127,"column":6}},"25":{"start":{"line":134,"column":49},"end":{"line":134,"column":61}},"26":{"start":{"line":136,"column":4},"end":{"line":145,"column":7}},"27":{"start":{"line":152,"column":40},"end":{"line":152,"column":52}},"28":{"start":{"line":154,"column":4},"end":{"line":160,"column":7}},"29":{"start":{"line":172,"column":40},"end":{"line":172,"column":52}},"30":{"start":{"line":174,"column":21},"end":{"line":178,"column":6}},"31":{"start":{"line":180,"column":4},"end":{"line":185,"column":8}},"32":{"start":{"line":180,"column":41},"end":{"line":185,"column":6}},"33":{"start":{"line":12,"column":0},"end":{"line":12,"column":13}},"34":{"start":{"line":193,"column":20},"end":{"line":193,"column":49}},"35":{"start":{"line":194,"column":2},"end":{"line":196,"column":3}},"36":{"start":{"line":195,"column":4},"end":{"line":195,"column":16}},"37":{"start":{"line":198,"column":2},"end":{"line":211,"column":3}},"38":{"start":{"line":200,"column":18},"end":{"line":200,"column":36}},"39":{"start":{"line":201,"column":26},"end":{"line":201,"column":74}},"40":{"start":{"line":203,"column":4},"end":{"line":208,"column":6}},"41":{"start":{"line":210,"column":4},"end":{"line":210,"column":16}},"42":{"start":{"line":218,"column":26},"end":{"line":218,"column":28}},"43":{"start":{"line":220,"column":2},"end":{"line":220,"column":29}},"44":{"start":{"line":221,"column":2},"end":{"line":221,"column":51}},"45":{"start":{"line":222,"column":2},"end":{"line":222,"column":29}},"46":{"start":{"line":223,"column":2},"end":{"line":223,"column":17}},"47":{"start":{"line":224,"column":2},"end":{"line":224,"column":41}},"48":{"start":{"line":225,"column":2},"end":{"line":225,"column":43}},"49":{"start":{"line":226,"column":2},"end":{"line":226,"column":58}},"50":{"start":{"line":227,"column":2},"end":{"line":227,"column":61}},"51":{"start":{"line":228,"column":2},"end":{"line":228,"column":17}},"52":{"start":{"line":229,"column":2},"end":{"line":229,"column":29}},"53":{"start":{"line":230,"column":2},"end":{"line":230,"column":26}},"54":{"start":{"line":231,"column":2},"end":{"line":231,"column":29}},"55":{"start":{"line":233,"column":2},"end":{"line":238,"column":3}},"56":{"start":{"line":234,"column":4},"end":{"line":234,"column":19}},"57":{"start":{"line":235,"column":4},"end":{"line":235,"column":53}},"58":{"start":{"line":236,"column":4},"end":{"line":236,"column":49}},"59":{"start":{"line":237,"column":4},"end":{"line":237,"column":37}},"60":{"start":{"line":240,"column":2},"end":{"line":240,"column":17}},"61":{"start":{"line":241,"column":2},"end":{"line":241,"column":29}},"62":{"start":{"line":243,"column":2},"end":{"line":243,"column":26}}},"fnMap":{"0":{"name":"(anonymous_0)","decl":{"start":{"line":17,"column":2},"end":{"line":17,"column":14}},"loc":{"start":{"line":17,"column":79},"end":{"line":21,"column":3}}},"1":{"name":"(anonymous_1)","decl":{"start":{"line":26,"column":2},"end":{"line":26,"column":7}},"loc":{"start":{"line":26,"column":23},"end":{"line":43,"column":3}}},"2":{"name":"(anonymous_2)","decl":{"start":{"line":36,"column":29},"end":{"line":36,"column":33}},"loc":{"start":{"line":36,"column":38},"end":{"line":42,"column":6}}},"3":{"name":"(anonymous_3)","decl":{"start":{"line":48,"column":2},"end":{"line":48,"column":14}},"loc":{"start":{"line":48,"column":34},"end":{"line":69,"column":3}}},"4":{"name":"(anonymous_4)","decl":{"start":{"line":49,"column":21},"end":{"line":49,"column":25}},"loc":{"start":{"line":49,"column":28},"end":{"line":68,"column":5}}},"5":{"name":"(anonymous_5)","decl":{"start":{"line":56,"column":48},"end":{"line":56,"column":54}},"loc":{"start":{"line":56,"column":59},"end":{"line":61,"column":8}}},"6":{"name":"(anonymous_6)","decl":{"start":{"line":74,"column":2},"end":{"line":74,"column":7}},"loc":{"start":{"line":74,"column":43},"end":{"line":101,"column":3}}},"7":{"name":"(anonymous_7)","decl":{"start":{"line":78,"column":47},"end":{"line":78,"column":54}},"loc":{"start":{"line":78,"column":59},"end":{"line":83,"column":6}}},"8":{"name":"(anonymous_8)","decl":{"start":{"line":106,"column":2},"end":{"line":106,"column":7}},"loc":{"start":{"line":106,"column":20},"end":{"line":128,"column":3}}},"9":{"name":"(anonymous_9)","decl":{"start":{"line":133,"column":2},"end":{"line":133,"column":7}},"loc":{"start":{"line":133,"column":63},"end":{"line":146,"column":3}}},"10":{"name":"(anonymous_10)","decl":{"start":{"line":151,"column":2},"end":{"line":151,"column":7}},"loc":{"start":{"line":151,"column":54},"end":{"line":161,"column":3}}},"11":{"name":"(anonymous_11)","decl":{"start":{"line":166,"column":2},"end":{"line":166,"column":7}},"loc":{"start":{"line":166,"column":27},"end":{"line":186,"column":3}}},"12":{"name":"(anonymous_12)","decl":{"start":{"line":180,"column":29},"end":{"line":180,"column":36}},"loc":{"start":{"line":180,"column":41},"end":{"line":185,"column":6}}},"13":{"name":"parseGitHubContext","decl":{"start":{"line":192,"column":16},"end":{"line":192,"column":34}},"loc":{"start":{"line":192,"column":34},"end":{"line":212,"column":1}}},"14":{"name":"formatDryRunOutput","decl":{"start":{"line":217,"column":16},"end":{"line":217,"column":34}},"loc":{"start":{"line":217,"column":57},"end":{"line":244,"column":1}}}},"branchMap":{"0":{"loc":{"start":{"line":20,"column":20},"end":{"line":20,"column":47}},"type":"binary-expr","locations":[{"start":{"line":20,"column":20},"end":{"line":20,"column":28}},{"start":{"line":20,"column":32},"end":{"line":20,"column":47}}]},"1":{"loc":{"start":{"line":38,"column":13},"end":{"line":38,"column":29}},"type":"binary-expr","locations":[{"start":{"line":38,"column":13},"end":{"line":38,"column":23}},{"start":{"line":38,"column":27},"end":{"line":38,"column":29}}]},"2":{"loc":{"start":{"line":50,"column":24},"end":{"line":50,"column":75}},"type":"binary-expr","locations":[{"start":{"line":50,"column":24},"end":{"line":50,"column":69}},{"start":{"line":50,"column":73},"end":{"line":50,"column":75}}]},"3":{"loc":{"start":{"line":123,"column":12},"end":{"line":123,"column":36}},"type":"binary-expr","locations":[{"start":{"line":123,"column":12},"end":{"line":123,"column":30}},{"start":{"line":123,"column":34},"end":{"line":123,"column":36}}]},"4":{"loc":{"start":{"line":124,"column":14},"end":{"line":124,"column":52}},"type":"binary-expr","locations":[{"start":{"line":124,"column":14},"end":{"line":124,"column":39}},{"start":{"line":124,"column":43},"end":{"line":124,"column":52}}]},"5":{"loc":{"start":{"line":183,"column":12},"end":{"line":183,"column":54}},"type":"binary-expr","locations":[{"start":{"line":183,"column":12},"end":{"line":183,"column":24}},{"start":{"line":183,"column":28},"end":{"line":183,"column":49}},{"start":{"line":183,"column":53},"end":{"line":183,"column":54}}]},"6":{"loc":{"start":{"line":194,"column":2},"end":{"line":196,"column":3}},"type":"if","locations":[{"start":{"line":194,"column":2},"end":{"line":196,"column":3}}]},"7":{"loc":{"start":{"line":201,"column":27},"end":{"line":201,"column":62}},"type":"binary-expr","locations":[{"start":{"line":201,"column":27},"end":{"line":201,"column":56}},{"start":{"line":201,"column":60},"end":{"line":201,"column":62}}]},"8":{"loc":{"start":{"line":206,"column":18},"end":{"line":206,"column":60}},"type":"binary-expr","locations":[{"start":{"line":206,"column":18},"end":{"line":206,"column":44}},{"start":{"line":206,"column":48},"end":{"line":206,"column":60}}]},"9":{"loc":{"start":{"line":207,"column":15},"end":{"line":207,"column":59}},"type":"binary-expr","locations":[{"start":{"line":207,"column":15},"end":{"line":207,"column":44}},{"start":{"line":207,"column":48},"end":{"line":207,"column":59}}]}},"s":{"0":0,"1":0,"2":0,"3":0,"4":0,"5":0,"6":0,"7":0,"8":0,"9":0,"10":0,"11":0,"12":0,"13":0,"14":0,"15":0,"16":0,"17":0,"18":0,"19":0,"20":0,"21":0,"22":0,"23":0,"24":0,"25":0,"26":0,"27":0,"28":0,"29":0,"30":0,"31":0,"32":0,"33":0,"34":0,"35":0,"36":0,"37":0,"38":0,"39":0,"40":0,"41":0,"42":0,"43":0,"44":0,"45":0,"46":0,"47":0,"48":0,"49":0,"50":0,"51":0,"52":0,"53":0,"54":0,"55":0,"56":0,"57":0,"58":0,"59":0,"60":0,"61":0,"62":0},"f":{"0":0,"1":0,"2":0,"3":0,"4":0,"5":0,"6":0,"7":0,"8":0,"9":0,"10":0,"11":0,"12":0,"13":0,"14":0},"b":{"0":[0,0],"1":[0,0],"2":[0,0],"3":[0,0],"4":[0,0],"5":[0,0,0],"6":[0],"7":[0,0],"8":[0,0],"9":[0,0]}}
,"/home/ydia/Awful-Code-Review/src/mutations.ts": {"path":"/home/ydia/Awful-Code-Review/src/mutations.ts","statementMap":{"0":{"start":{"line":6,"column":13},"end":{"line":73,"column":2}},"1":{"start":{"line":78,"column":13},"end":{"line":83,"column":2}},"2":{"start":{"line":93,"column":4},"end":{"line":93,"column":45}},"3":{"start":{"line":94,"column":4},"end":{"line":94,"column":51}},"4":{"start":{"line":101,"column":4},"end":{"line":103,"column":5}},"5":{"start":{"line":102,"column":6},"end":{"line":102,"column":40}},"6":{"start":{"line":106,"column":25},"end":{"line":107,"column":null}},"7":{"start":{"line":110,"column":28},"end":{"line":110,"column":51}},"8":{"start":{"line":111,"column":4},"end":{"line":113,"column":5}},"9":{"start":{"line":112,"column":6},"end":{"line":112,"column":40}},"10":{"start":{"line":116,"column":21},"end":{"line":116,"column":88}},"11":{"start":{"line":119,"column":4},"end":{"line":121,"column":5}},"12":{"start":{"line":120,"column":6},"end":{"line":120,"column":40}},"13":{"start":{"line":124,"column":25},"end":{"line":124,"column":32}},"14":{"start":{"line":125,"column":4},"end":{"line":127,"column":5}},"15":{"start":{"line":126,"column":6},"end":{"line":126,"column":57}},"16":{"start":{"line":128,"column":4},"end":{"line":130,"column":5}},"17":{"start":{"line":129,"column":6},"end":{"line":129,"column":56}},"18":{"start":{"line":132,"column":4},"end":{"line":132,"column":58}},"19":{"start":{"line":139,"column":17},"end":{"line":139,"column":24}},"20":{"start":{"line":140,"column":23},"end":{"line":140,"column":24}},"21":{"start":{"line":142,"column":4},"end":{"line":148,"column":5}},"22":{"start":{"line":142,"column":17},"end":{"line":142,"column":18}},"23":{"start":{"line":143,"column":44},"end":{"line":143,"column":76}},"24":{"start":{"line":144,"column":6},"end":{"line":147,"column":7}},"25":{"start":{"line":145,"column":8},"end":{"line":145,"column":25}},"26":{"start":{"line":146,"column":8},"end":{"line":146,"column":23}},"27":{"start":{"line":150,"column":4},"end":{"line":150,"column":18}},"28":{"start":{"line":158,"column":26},"end":{"line":158,"column":40}},"29":{"start":{"line":160,"column":4},"end":{"line":165,"column":5}},"30":{"start":{"line":162,"column":28},"end":{"line":162,"column":93}},"31":{"start":{"line":163,"column":30},"end":{"line":163,"column":77}},"32":{"start":{"line":163,"column":56},"end":{"line":163,"column":76}},"33":{"start":{"line":164,"column":6},"end":{"line":164,"column":92}},"34":{"start":{"line":167,"column":19},"end":{"line":167,"column":50}},"35":{"start":{"line":168,"column":18},"end":{"line":168,"column":67}},"36":{"start":{"line":170,"column":4},"end":{"line":170,"column":33}},"37":{"start":{"line":177,"column":27},"end":{"line":184,"column":6}},"38":{"start":{"line":186,"column":4},"end":{"line":188,"column":5}},"39":{"start":{"line":187,"column":6},"end":{"line":187,"column":79}},"40":{"start":{"line":190,"column":4},"end":{"line":190,"column":16}},"41":{"start":{"line":85,"column":0},"end":{"line":85,"column":13}},"42":{"start":{"line":194,"column":13},"end":{"line":194,"column":58}}},"fnMap":{"0":{"name":"(anonymous_0)","decl":{"start":{"line":89,"column":2},"end":{"line":89,"column":null}},"loc":{"start":{"line":91,"column":37},"end":{"line":95,"column":3}}},"1":{"name":"(anonymous_1)","decl":{"start":{"line":100,"column":2},"end":{"line":100,"column":21}},"loc":{"start":{"line":100,"column":37},"end":{"line":133,"column":3}}},"2":{"name":"(anonymous_2)","decl":{"start":{"line":138,"column":2},"end":{"line":138,"column":16}},"loc":{"start":{"line":138,"column":58},"end":{"line":151,"column":3}}},"3":{"name":"(anonymous_3)","decl":{"start":{"line":156,"column":2},"end":{"line":156,"column":18}},"loc":{"start":{"line":156,"column":137},"end":{"line":171,"column":3}}},"4":{"name":"(anonymous_4)","decl":{"start":{"line":163,"column":51},"end":{"line":163,"column":52}},"loc":{"start":{"line":163,"column":56},"end":{"line":163,"column":76}}},"5":{"name":"(anonymous_5)","decl":{"start":{"line":176,"column":2},"end":{"line":176,"column":23}},"loc":{"start":{"line":176,"column":47},"end":{"line":191,"column":3}}}},"branchMap":{"0":{"loc":{"start":{"line":90,"column":4},"end":{"line":90,"column":79}},"type":"default-arg","locations":[{"start":{"line":90,"column":39},"end":{"line":90,"column":79}}]},"1":{"loc":{"start":{"line":91,"column":4},"end":{"line":91,"column":37}},"type":"default-arg","locations":[{"start":{"line":91,"column":34},"end":{"line":91,"column":37}}]},"2":{"loc":{"start":{"line":101,"column":4},"end":{"line":103,"column":5}},"type":"if","locations":[{"start":{"line":101,"column":4},"end":{"line":103,"column":5}}]},"3":{"loc":{"start":{"line":111,"column":4},"end":{"line":113,"column":5}},"type":"if","locations":[{"start":{"line":111,"column":4},"end":{"line":113,"column":5}}]},"4":{"loc":{"start":{"line":111,"column":8},"end":{"line":111,"column":56}},"type":"binary-expr","locations":[{"start":{"line":111,"column":8},"end":{"line":111,"column":24}},{"start":{"line":111,"column":28},"end":{"line":111,"column":56}}]},"5":{"loc":{"start":{"line":119,"column":4},"end":{"line":121,"column":5}},"type":"if","locations":[{"start":{"line":119,"column":4},"end":{"line":121,"column":5}}]},"6":{"loc":{"start":{"line":125,"column":4},"end":{"line":127,"column":5}},"type":"if","locations":[{"start":{"line":125,"column":4},"end":{"line":127,"column":5}}]},"7":{"loc":{"start":{"line":128,"column":4},"end":{"line":130,"column":5}},"type":"if","locations":[{"start":{"line":128,"column":4},"end":{"line":130,"column":5}}]},"8":{"loc":{"start":{"line":138,"column":34},"end":{"line":138,"column":58}},"type":"default-arg","locations":[{"start":{"line":138,"column":57},"end":{"line":138,"column":58}}]},"9":{"loc":{"start":{"line":144,"column":6},"end":{"line":147,"column":7}},"type":"if","locations":[{"start":{"line":144,"column":6},"end":{"line":147,"column":7}}]},"10":{"loc":{"start":{"line":156,"column":104},"end":{"line":156,"column":137}},"type":"default-arg","locations":[{"start":{"line":156,"column":134},"end":{"line":156,"column":137}}]},"11":{"loc":{"start":{"line":160,"column":4},"end":{"line":165,"column":5}},"type":"if","locations":[{"start":{"line":160,"column":4},"end":{"line":165,"column":5}}]},"12":{"loc":{"start":{"line":186,"column":4},"end":{"line":188,"column":5}},"type":"if","locations":[{"start":{"line":186,"column":4},"end":{"line":188,"column":5}}]}},"s":{"0":2,"1":2,"2":13,"3":13,"4":38,"5":23,"6":15,"7":15,"8":15,"9":0,"10":15,"11":15,"12":9,"13":6,"14":6,"15":4,"16":6,"17":2,"18":6,"19":13,"20":13,"21":13,"22":13,"23":27,"24":27,"25":4,"26":4,"27":13,"28":5,"29":5,"30":1,"31":1,"32":4,"33":1,"34":5,"35":5,"36":5,"37":3,"38":3,"39":1,"40":2,"41":2,"42":2},"f":{"0":13,"1":38,"2":13,"3":5,"4":4,"5":3},"b":{"0":[13],"1":[12],"2":[23],"3":[0],"4":[15,15],"5":[9],"6":[4],"7":[2],"8":[10],"9":[4],"10":[0],"11":[1],"12":[1]}}
,"/home/ydia/Awful-Code-Review/src/personas/definitions.ts": {"path":"/home/ydia/Awful-Code-Review/src/personas/definitions.ts","statementMap":{"0":{"start":{"line":1721,"column":0},"end":{"line":1721,"column":16}},"1":{"start":{"line":1728,"column":0},"end":{"line":1728,"column":16}},"2":{"start":{"line":1737,"column":0},"end":{"line":1737,"column":16}},"3":{"start":{"line":3,"column":13},"end":{"line":1716,"column":2}},"4":{"start":{"line":1722,"column":2},"end":{"line":1722,"column":24}},"5":{"start":{"line":1729,"column":16},"end":{"line":1729,"column":54}},"6":{"start":{"line":1730,"column":21},"end":{"line":1730,"column":68}},"7":{"start":{"line":1731,"column":2},"end":{"line":1731,"column":30}},"8":{"start":{"line":1738,"column":2},"end":{"line":1738,"column":48}}},"fnMap":{"0":{"name":"getPersona","decl":{"start":{"line":1721,"column":16},"end":{"line":1721,"column":26}},"loc":{"start":{"line":1721,"column":44},"end":{"line":1723,"column":1}}},"1":{"name":"getRandomPersona","decl":{"start":{"line":1728,"column":16},"end":{"line":1728,"column":32}},"loc":{"start":{"line":1728,"column":32},"end":{"line":1732,"column":1}}},"2":{"name":"getAllPersonaTypes","decl":{"start":{"line":1737,"column":16},"end":{"line":1737,"column":34}},"loc":{"start":{"line":1737,"column":34},"end":{"line":1739,"column":1}}}},"branchMap":{},"s":{"0":1,"1":1,"2":1,"3":1,"4":10,"5":0,"6":0,"7":0,"8":0},"f":{"0":10,"1":0,"2":0},"b":{}}
,"/home/ydia/Awful-Code-Review/src/personas/index.ts": {"path":"/home/ydia/Awful-Code-Review/src/personas/index.ts","statementMap":{"0":{"start":{"line":1,"column":0},"end":{"line":1,"column":30}}},"fnMap":{},"branchMap":{},"s":{"0":0},"f":{},"b":{}}
}
