TN:
SF:src/contradictions.ts
FN:189,(anonymous_0)
FN:196,(anonymous_1)
FN:215,(anonymous_2)
FN:237,(anonymous_3)
FN:245,(anonymous_4)
FN:262,(anonymous_5)
FN:286,(anonymous_6)
FN:293,(anonymous_7)
FN:300,(anonymous_8)
FN:303,(anonymous_9)
FNF:10
FNH:10
FNDA:21,(anonymous_0)
FNDA:28,(anonymous_1)
FNDA:20,(anonymous_2)
FNDA:11,(anonymous_3)
FNDA:102,(anonymous_4)
FNDA:9,(anonymous_5)
FNDA:4,(anonymous_6)
FNDA:6,(anonymous_7)
FNDA:2,(anonymous_8)
FNDA:3,(anonymous_9)
DA:36,2
DA:67,2
DA:91,2
DA:185,2
DA:186,21
DA:190,21
DA:197,28
DA:198,28
DA:200,28
DA:201,700
DA:202,3423
DA:203,42
DA:204,42
DA:209,28
DA:222,20
DA:223,20
DA:225,20
DA:238,11
DA:239,2
DA:243,9
DA:244,16
DA:245,102
DA:246,11
DA:247,5
DA:256,4
DA:263,9
DA:265,9
DA:266,5
DA:269,4
DA:270,4
DA:271,0
DA:274,4
DA:276,4
DA:287,4
DA:294,6
DA:301,2
DA:302,2
DA:303,3
DA:305,2
DA:309,2
LF:40
LH:39
BRDA:189,0,0,21
BRDA:202,1,0,42
BRDA:223,2,0,20
BRDA:223,2,1,18
BRDA:238,3,0,2
BRDA:246,4,0,5
BRDA:246,5,0,11
BRDA:246,5,1,9
BRDA:265,6,0,5
BRDA:265,7,0,9
BRDA:265,7,1,4
BRDA:265,7,2,4
BRDA:270,8,0,0
BRDA:270,9,0,4
BRDA:270,9,1,4
BRF:15
BRH:14
end_of_record
TN:
SF:src/detector.ts
FN:174,(anonymous_0)
FN:183,(anonymous_1)
FN:197,(anonymous_2)
FN:205,(anonymous_3)
FN:215,(anonymous_4)
FN:257,(anonymous_5)
FN:263,(anonymous_6)
FN:277,(anonymous_7)
FN:279,(anonymous_8)
FN:280,(anonymous_9)
FN:288,(anonymous_10)
FNF:11
FNH:11
FNDA:19,(anonymous_0)
FNDA:19,(anonymous_1)
FNDA:14,(anonymous_2)
FNDA:294,(anonymous_3)
FNDA:14,(anonymous_4)
FNDA:2,(anonymous_5)
FNDA:7,(anonymous_6)
FNDA:1,(anonymous_7)
FNDA:7,(anonymous_8)
FNDA:40,(anonymous_9)
FNDA:3,(anonymous_10)
DA:7,2
DA:171,2
DA:175,19
DA:176,19
DA:184,19
DA:185,401
DA:186,401
DA:188,1
DA:189,1
DA:198,14
DA:199,14
DA:206,294
DA:207,42
DA:209,252
DA:220,14
DA:221,14
DA:223,14
DA:224,294
DA:225,56
DA:228,238
DA:229,238
DA:232,238
DA:234,362
DA:235,209
DA:238,153
DA:247,0
DA:251,14
DA:261,2
DA:263,2
DA:264,7
DA:265,7
DA:266,7
DA:267,6
DA:271,2
DA:278,1
DA:279,1
DA:280,40
DA:282,1
DA:289,3
DA:290,3
DA:291,3
DA:293,3
DA:295,13
DA:296,13
DA:297,3
DA:298,3
DA:301,10
DA:302,5
DA:307,5
DA:308,5
DA:311,1
DA:316,4
DA:318,4
DA:322,3
DA:326,2
LF:55
LH:54
BRDA:188,0,0,1
BRDA:188,0,1,0
BRDA:199,1,0,14
BRDA:199,1,1,0
BRDA:206,2,0,42
BRDA:206,3,0,294
BRDA:206,3,1,294
BRDA:224,4,0,56
BRDA:234,5,0,209
BRDA:234,6,0,362
BRDA:234,6,1,0
BRDA:266,7,0,6
BRDA:296,8,0,3
BRDA:301,9,0,5
BRDA:301,9,1,5
BRDA:301,10,0,10
BRDA:301,10,1,5
BRDA:308,11,0,1
BRDA:308,11,1,4
BRDA:308,12,0,5
BRDA:308,12,1,1
BRDA:316,13,0,4
BRF:22
BRH:19
end_of_record
TN:
SF:src/generator.ts
FN:114,(anonymous_0)
FN:129,(anonymous_1)
FN:131,(anonymous_2)
FN:134,(anonymous_3)
FN:150,(anonymous_4)
FN:242,(anonymous_5)
FN:262,(anonymous_6)
FN:273,(anonymous_7)
FN:276,(anonymous_8)
FN:285,(anonymous_9)
FN:312,(anonymous_10)
FN:344,(anonymous_11)
FN:373,(anonymous_12)
FN:374,(anonymous_13)
FN:401,(anonymous_14)
FN:422,(anonymous_15)
FN:435,(anonymous_16)
FNF:17
FNH:17
FNDA:29,(anonymous_0)
FNDA:10,(anonymous_1)
FNDA:10,(anonymous_2)
FNDA:20,(anonymous_3)
FNDA:10,(anonymous_4)
FNDA:8,(anonymous_5)
FNDA:3,(anonymous_6)
FNDA:21,(anonymous_7)
FNDA:15,(anonymous_8)
FNDA:8,(anonymous_9)
FNDA:8,(anonymous_10)
FNDA:6,(anonymous_11)
FNDA:54,(anonymous_12)
FNDA:7,(anonymous_13)
FNDA:2,(anonymous_14)
FNDA:6,(anonymous_15)
FNDA:1,(anonymous_16)
DA:10,1
DA:11,1
DA:12,1
DA:13,1
DA:18,1
DA:42,1
DA:56,1
DA:77,1
DA:108,1
DA:120,29
DA:121,29
DA:122,29
DA:123,29
DA:131,10
DA:134,20
DA:136,10
DA:138,0
DA:144,10
DA:156,10
DA:157,0
DA:161,10
DA:162,0
DA:163,0
DA:172,10
DA:173,10
DA:175,10
DA:176,0
DA:180,10
DA:183,10
DA:184,10
DA:185,9
DA:186,9
DA:187,9
DA:192,10
DA:193,1
DA:194,1
DA:195,0
DA:196,0
DA:200,10
DA:201,0
DA:205,10
DA:206,8
DA:209,8
DA:213,10
DA:216,10
DA:217,2
DA:218,2
DA:225,10
DA:234,10
DA:236,10
DA:243,8
DA:244,0
DA:247,8
DA:248,7
DA:251,1
DA:252,1
DA:253,1
DA:256,0
DA:263,3
DA:265,3
DA:269,3
DA:273,21
DA:274,0
DA:276,15
DA:277,0
DA:279,3
DA:286,8
DA:287,8
DA:290,8
DA:291,14
DA:292,13
DA:300,8
DA:301,8
DA:302,0
DA:312,8
DA:313,8
DA:315,8
DA:316,10
DA:317,10
DA:318,10
DA:323,8
DA:324,7
DA:325,7
DA:326,3
DA:328,3
DA:338,8
DA:348,6
DA:350,3
DA:351,3
DA:352,1
DA:354,2
DA:359,6
DA:360,6
DA:363,6
DA:364,1
DA:367,6
DA:374,54
DA:375,54
DA:379,54
DA:380,51
DA:381,3
DA:382,1
DA:383,2
DA:384,0
DA:386,2
DA:390,54
DA:391,50
DA:392,50
DA:395,54
DA:402,2
DA:403,2
DA:405,2
DA:406,4
DA:407,4
DA:410,4
DA:411,1
DA:416,2
DA:418,2
DA:419,2
DA:422,6
DA:424,2
DA:436,1
DA:440,1
LF:123
LH:109
BRDA:115,0,0,19
BRDA:116,1,0,29
BRDA:117,2,0,29
BRDA:118,3,0,29
BRDA:136,4,0,0
BRDA:156,5,0,0
BRDA:161,6,0,0
BRDA:175,7,0,0
BRDA:184,8,0,9
BRDA:192,9,0,1
BRDA:193,10,0,1
BRDA:193,10,1,0
BRDA:195,11,0,0
BRDA:200,12,0,0
BRDA:205,13,0,8
BRDA:205,14,0,10
BRDA:205,14,1,8
BRDA:216,15,0,2
BRDA:217,16,0,0
BRDA:217,16,1,2
BRDA:243,17,0,0
BRDA:247,18,0,7
BRDA:252,19,0,1
BRDA:252,20,0,1
BRDA:252,20,1,0
BRDA:273,21,0,0
BRDA:276,22,0,0
BRDA:291,23,0,13
BRDA:291,24,0,14
BRDA:291,24,1,14
BRDA:301,25,0,0
BRDA:317,26,0,10
BRDA:323,27,0,7
BRDA:323,28,0,8
BRDA:323,28,1,8
BRDA:325,29,0,3
BRDA:348,30,0,3
BRDA:348,30,1,3
BRDA:350,31,0,2
BRDA:350,31,1,1
BRDA:351,32,0,1
BRDA:351,32,1,2
BRDA:352,33,0,1
BRDA:352,33,1,0
BRDA:363,34,0,1
BRDA:363,35,0,6
BRDA:363,35,1,3
BRDA:363,35,2,2
BRDA:379,36,0,51
BRDA:379,36,1,3
BRDA:381,37,0,1
BRDA:381,37,1,2
BRDA:383,38,0,0
BRDA:383,38,1,2
BRDA:384,39,0,0
BRDA:384,39,1,0
BRDA:386,40,0,1
BRDA:386,40,1,1
BRDA:390,41,0,50
BRDA:410,42,0,1
BRF:60
BRH:43
end_of_record
TN:
SF:src/github.ts
FN:17,(anonymous_0)
FN:26,(anonymous_1)
FN:36,(anonymous_2)
FN:48,(anonymous_3)
FN:49,(anonymous_4)
FN:56,(anonymous_5)
FN:74,(anonymous_6)
FN:78,(anonymous_7)
FN:106,(anonymous_8)
FN:133,(anonymous_9)
FN:151,(anonymous_10)
FN:166,(anonymous_11)
FN:180,(anonymous_12)
FN:192,parseGitHubContext
FN:217,formatDryRunOutput
FNF:15
FNH:0
FNDA:0,(anonymous_0)
FNDA:0,(anonymous_1)
FNDA:0,(anonymous_2)
FNDA:0,(anonymous_3)
FNDA:0,(anonymous_4)
FNDA:0,(anonymous_5)
FNDA:0,(anonymous_6)
FNDA:0,(anonymous_7)
FNDA:0,(anonymous_8)
FNDA:0,(anonymous_9)
FNDA:0,(anonymous_10)
FNDA:0,(anonymous_11)
FNDA:0,(anonymous_12)
FNDA:0,parseGitHubContext
FNDA:0,formatDryRunOutput
DA:1,0
DA:3,0
DA:12,0
DA:18,0
DA:19,0
DA:20,0
DA:27,0
DA:29,0
DA:36,0
DA:49,0
DA:50,0
DA:53,0
DA:56,0
DA:63,0
DA:75,0
DA:78,0
DA:86,0
DA:92,0
DA:113,0
DA:115,0
DA:121,0
DA:134,0
DA:136,0
DA:152,0
DA:154,0
DA:172,0
DA:174,0
DA:180,0
DA:192,0
DA:193,0
DA:194,0
DA:195,0
DA:198,0
DA:200,0
DA:201,0
DA:203,0
DA:210,0
DA:217,0
DA:218,0
DA:220,0
DA:221,0
DA:222,0
DA:223,0
DA:224,0
DA:225,0
DA:226,0
DA:227,0
DA:228,0
DA:229,0
DA:230,0
DA:231,0
DA:233,0
DA:234,0
DA:235,0
DA:236,0
DA:237,0
DA:240,0
DA:241,0
DA:243,0
LF:59
LH:0
BRDA:20,0,0,0
BRDA:20,0,1,0
BRDA:38,1,0,0
BRDA:38,1,1,0
BRDA:50,2,0,0
BRDA:50,2,1,0
BRDA:123,3,0,0
BRDA:123,3,1,0
BRDA:124,4,0,0
BRDA:124,4,1,0
BRDA:183,5,0,0
BRDA:183,5,1,0
BRDA:183,5,2,0
BRDA:194,6,0,0
BRDA:201,7,0,0
BRDA:201,7,1,0
BRDA:206,8,0,0
BRDA:206,8,1,0
BRDA:207,9,0,0
BRDA:207,9,1,0
BRF:20
BRH:0
end_of_record
TN:
SF:src/mutations.ts
FN:89,(anonymous_0)
FN:100,(anonymous_1)
FN:138,(anonymous_2)
FN:156,(anonymous_3)
FN:163,(anonymous_4)
FN:176,(anonymous_5)
FNF:6
FNH:6
FNDA:13,(anonymous_0)
FNDA:38,(anonymous_1)
FNDA:13,(anonymous_2)
FNDA:5,(anonymous_3)
FNDA:4,(anonymous_4)
FNDA:3,(anonymous_5)
DA:6,2
DA:78,2
DA:85,2
DA:93,13
DA:94,13
DA:101,38
DA:102,23
DA:106,15
DA:110,15
DA:111,15
DA:112,0
DA:116,15
DA:119,15
DA:120,9
DA:124,6
DA:125,6
DA:126,4
DA:128,6
DA:129,2
DA:132,6
DA:139,13
DA:140,13
DA:142,13
DA:143,27
DA:144,27
DA:145,4
DA:146,4
DA:150,13
DA:158,5
DA:160,5
DA:162,1
DA:163,4
DA:164,1
DA:167,5
DA:168,5
DA:170,5
DA:177,3
DA:186,3
DA:187,1
DA:190,2
DA:194,2
LF:41
LH:40
BRDA:90,0,0,13
BRDA:91,1,0,12
BRDA:101,2,0,23
BRDA:111,3,0,0
BRDA:111,4,0,15
BRDA:111,4,1,15
BRDA:119,5,0,9
BRDA:125,6,0,4
BRDA:128,7,0,2
BRDA:138,8,0,10
BRDA:144,9,0,4
BRDA:156,10,0,0
BRDA:160,11,0,1
BRDA:186,12,0,1
BRF:14
BRH:12
end_of_record
TN:
SF:src/personas/definitions.ts
FN:1721,getPersona
FN:1728,getRandomPersona
FN:1737,getAllPersonaTypes
FNF:3
FNH:1
FNDA:10,getPersona
FNDA:0,getRandomPersona
FNDA:0,getAllPersonaTypes
DA:3,1
DA:1721,1
DA:1722,10
DA:1728,1
DA:1729,0
DA:1730,0
DA:1731,0
DA:1737,1
DA:1738,0
LF:9
LH:5
BRF:0
BRH:0
end_of_record
TN:
SF:src/personas/index.ts
FNF:0
FNH:0
DA:1,0
LF:1
LH:0
BRF:0
BRH:0
end_of_record
